;  LST file generated by mikroListExporter - v.2.0 
; Date/Time: 4/30/2024 4:51:22 PM
;----------------------------------------------

;Address Opcode 	ASM
0x0000	0x2AF3      	GOTO       755
_Mul_16X16_U:
;__Lib_Math.c,136 :: 		
;__Lib_Math.c,143 :: 		
0x0003	0x1283      	BCF        STATUS, 5
;__Lib_Math.c,144 :: 		
0x0004	0x1303      	BCF        STATUS, 6
;__Lib_Math.c,145 :: 		
0x0005	0x01FB      	CLRF       R11
;__Lib_Math.c,146 :: 		
0x0006	0x01FA      	CLRF       R10
;__Lib_Math.c,147 :: 		
0x0007	0x01F9      	CLRF       R9
;__Lib_Math.c,148 :: 		
0x0008	0x3080      	MOVLW      128
;__Lib_Math.c,149 :: 		
0x0009	0x00F8      	MOVWF      R8
;__Lib_Math.c,150 :: 		
0x000A	0x0CF1      	RRF        R1, 1
;__Lib_Math.c,151 :: 		
0x000B	0x0CF0      	RRF        R0, 1
;__Lib_Math.c,152 :: 		
0x000C	0x1C03      	BTFSS      STATUS, 0
;__Lib_Math.c,153 :: 		
0x000D	0x2817      	GOTO       $+10
;__Lib_Math.c,154 :: 		
0x000E	0x0874      	MOVF       R4, 0
;__Lib_Math.c,155 :: 		
0x000F	0x07F9      	ADDWF      R9, 1
;__Lib_Math.c,156 :: 		
0x0010	0x0875      	MOVF       R5, 0
;__Lib_Math.c,157 :: 		
0x0011	0x1803      	BTFSC      STATUS, 0
;__Lib_Math.c,158 :: 		
0x0012	0x0F75      	INCFSZ     R5, 0
;__Lib_Math.c,159 :: 		
0x0013	0x07FA      	ADDWF      R10, 1
;__Lib_Math.c,160 :: 		
0x0014	0x1803      	BTFSC      STATUS, 0
;__Lib_Math.c,161 :: 		
0x0015	0x0AFB      	INCF       R11, 1
;__Lib_Math.c,162 :: 		
0x0016	0x1003      	BCF        STATUS, 0
;__Lib_Math.c,163 :: 		
0x0017	0x1FF0      	BTFSS      R0, 7
;__Lib_Math.c,164 :: 		
0x0018	0x281F      	GOTO       $+7
;__Lib_Math.c,165 :: 		
0x0019	0x0874      	MOVF       R4, 0
;__Lib_Math.c,166 :: 		
0x001A	0x07FA      	ADDWF      R10, 1
;__Lib_Math.c,167 :: 		
0x001B	0x0875      	MOVF       R5, 0
;__Lib_Math.c,168 :: 		
0x001C	0x1803      	BTFSC      STATUS, 0
;__Lib_Math.c,169 :: 		
0x001D	0x0F75      	INCFSZ     R5, 0
;__Lib_Math.c,170 :: 		
0x001E	0x07FB      	ADDWF      R11, 1
;__Lib_Math.c,171 :: 		
0x001F	0x0CFB      	RRF        R11, 1
;__Lib_Math.c,172 :: 		
0x0020	0x0CFA      	RRF        R10, 1
;__Lib_Math.c,173 :: 		
0x0021	0x0CF9      	RRF        R9, 1
;__Lib_Math.c,174 :: 		
0x0022	0x0CF8      	RRF        R8, 1
;__Lib_Math.c,175 :: 		
0x0023	0x1C03      	BTFSS      STATUS, 0
;__Lib_Math.c,176 :: 		
0x0024	0x280A      	GOTO       $-26
;__Lib_Math.c,177 :: 		
0x0025	0x087B      	MOVF       R11, 0
;__Lib_Math.c,178 :: 		
0x0026	0x00F3      	MOVWF      R3
;__Lib_Math.c,179 :: 		
0x0027	0x087A      	MOVF       R10, 0
;__Lib_Math.c,180 :: 		
0x0028	0x00F2      	MOVWF      R2
;__Lib_Math.c,181 :: 		
0x0029	0x0879      	MOVF       R9, 0
;__Lib_Math.c,182 :: 		
0x002A	0x00F1      	MOVWF      R1
;__Lib_Math.c,183 :: 		
0x002B	0x0878      	MOVF       R8, 0
;__Lib_Math.c,184 :: 		
0x002C	0x00F0      	MOVWF      R0
;__Lib_Math.c,187 :: 		
L_end_Mul_16X16_U:
0x002D	0x0008      	RETURN
; end of _Mul_16X16_U
_____DoICP:
;__Lib_System.c,6 :: 		
;__Lib_System.c,9 :: 		
0x002E	0x1283      	BCF        STATUS, 5
0x002F	0x1303      	BCF        STATUS, 6
0x0030	0x0823      	MOVF       ___DoICPAddr+1, 0
0x0031	0x008A      	MOVWF      PCLATH
;__Lib_System.c,10 :: 		
0x0032	0x0822      	MOVF       ___DoICPAddr, 0
0x0033	0x0082      	MOVWF      PCL
;__Lib_System.c,12 :: 		
L_end_____DoICP:
0x0034	0x0008      	RETURN
; end of _____DoICP
_Delay_22us:
;__Lib_Delays.c,15 :: 		void Delay_22us() {
;__Lib_Delays.c,16 :: 		Delay_us(22);
0x0035	0x300E      	MOVLW      14
0x0036	0x1283      	BCF        STATUS, 5
0x0037	0x1303      	BCF        STATUS, 6
0x0038	0x00FD      	MOVWF      R13
L_Delay_22us1:
0x0039	0x0BFD      	DECFSZ     R13, 1
0x003A	0x2839      	GOTO       L_Delay_22us1
0x003B	0x0000      	NOP
;__Lib_Delays.c,17 :: 		}
L_end_Delay_22us:
0x003C	0x0008      	RETURN
; end of _Delay_22us
_COMFREM:
;__Lib_Math.c,1066 :: 		
;__Lib_Math.c,1070 :: 		
0x003D	0x09FB      	COMF       R11, 1
;__Lib_Math.c,1071 :: 		
0x003E	0x09FA      	COMF       R10, 1
;__Lib_Math.c,1072 :: 		
0x003F	0x09F9      	COMF       R9, 1
;__Lib_Math.c,1073 :: 		
0x0040	0x09F8      	COMF       R8, 1
;__Lib_Math.c,1074 :: 		
0x0041	0x0AF8      	INCF       R8, 1
;__Lib_Math.c,1075 :: 		
0x0042	0x1903      	BTFSC      STATUS, 2
;__Lib_Math.c,1076 :: 		
0x0043	0x0AF9      	INCF       R9, 1
;__Lib_Math.c,1077 :: 		
0x0044	0x1903      	BTFSC      STATUS, 2
;__Lib_Math.c,1078 :: 		
0x0045	0x0AFA      	INCF       R10, 1
;__Lib_Math.c,1079 :: 		
0x0046	0x1903      	BTFSC      STATUS, 2
;__Lib_Math.c,1080 :: 		
0x0047	0x0AFB      	INCF       R11, 1
;__Lib_Math.c,1082 :: 		
L_end_COMFREM:
0x0048	0x0008      	RETURN
; end of _COMFREM
_SDIV3232L:
;__Lib_Math.c,697 :: 		
;__Lib_Math.c,706 :: 		
0x0049	0x0874      	MOVF       R4, 0
;__Lib_Math.c,707 :: 		
0x004A	0x02F8      	SUBWF      R8, 1
;__Lib_Math.c,708 :: 		
0x004B	0x0875      	MOVF       R5, 0
;__Lib_Math.c,709 :: 		
0x004C	0x1C03      	BTFSS      STATUS, 0
;__Lib_Math.c,710 :: 		
0x004D	0x0F75      	INCFSZ     R5, 0
;__Lib_Math.c,711 :: 		
0x004E	0x02F9      	SUBWF      R9, 1
;__Lib_Math.c,712 :: 		
0x004F	0x0876      	MOVF       R6, 0
;__Lib_Math.c,713 :: 		
0x0050	0x1C03      	BTFSS      STATUS, 0
;__Lib_Math.c,714 :: 		
0x0051	0x0F76      	INCFSZ     R6, 0
;__Lib_Math.c,715 :: 		
0x0052	0x02FA      	SUBWF      R10, 1
;__Lib_Math.c,716 :: 		
0x0053	0x0877      	MOVF       R7, 0
;__Lib_Math.c,717 :: 		
0x0054	0x1C03      	BTFSS      STATUS, 0
;__Lib_Math.c,718 :: 		
0x0055	0x0F77      	INCFSZ     R7, 0
;__Lib_Math.c,719 :: 		
0x0056	0x02FB      	SUBWF      R11, 1
;__Lib_Math.c,720 :: 		
0x0057	0x0DF3      	RLF        R3, 1
;__Lib_Math.c,722 :: 		
0x0058	0x3007      	MOVLW      7
;__Lib_Math.c,723 :: 		
0x0059	0x00FC      	MOVWF      R12
;__Lib_Math.c,725 :: 		
LOOPS3232A:
;__Lib_Math.c,726 :: 		
0x005A	0x0D73      	RLF        R3, 0
;__Lib_Math.c,727 :: 		
0x005B	0x0DF8      	RLF        R8, 1
;__Lib_Math.c,728 :: 		
0x005C	0x0DF9      	RLF        R9, 1
;__Lib_Math.c,729 :: 		
0x005D	0x0DFA      	RLF        R10, 1
;__Lib_Math.c,730 :: 		
0x005E	0x0DFB      	RLF        R11, 1
;__Lib_Math.c,731 :: 		
0x005F	0x0874      	MOVF       R4, 0
;__Lib_Math.c,732 :: 		
0x0060	0x1C73      	BTFSS      R3, 0
;__Lib_Math.c,733 :: 		
0x0061	0x2870      	GOTO       SADD22LA
;__Lib_Math.c,735 :: 		
0x0062	0x02F8      	SUBWF      R8, 1
;__Lib_Math.c,736 :: 		
0x0063	0x0875      	MOVF       R5, 0
;__Lib_Math.c,737 :: 		
0x0064	0x1C03      	BTFSS      STATUS, 0
;__Lib_Math.c,738 :: 		
0x0065	0x0F75      	INCFSZ     R5, 0
;__Lib_Math.c,739 :: 		
0x0066	0x02F9      	SUBWF      R9, 1
;__Lib_Math.c,740 :: 		
0x0067	0x0876      	MOVF       R6, 0
;__Lib_Math.c,741 :: 		
0x0068	0x1C03      	BTFSS      STATUS, 0
;__Lib_Math.c,742 :: 		
0x0069	0x0F76      	INCFSZ     R6, 0
;__Lib_Math.c,743 :: 		
0x006A	0x02FA      	SUBWF      R10, 1
;__Lib_Math.c,744 :: 		
0x006B	0x0877      	MOVF       R7, 0
;__Lib_Math.c,745 :: 		
0x006C	0x1C03      	BTFSS      STATUS, 0
;__Lib_Math.c,746 :: 		
0x006D	0x0F77      	INCFSZ     R7, 0
;__Lib_Math.c,747 :: 		
0x006E	0x02FB      	SUBWF      R11, 1
;__Lib_Math.c,748 :: 		
0x006F	0x287D      	GOTO       SOK22LA
;__Lib_Math.c,750 :: 		
SADD22LA:
;__Lib_Math.c,751 :: 		
0x0070	0x07F8      	ADDWF      R8, 1
;__Lib_Math.c,752 :: 		
0x0071	0x0875      	MOVF       R5, 0
;__Lib_Math.c,753 :: 		
0x0072	0x1803      	BTFSC      STATUS, 0
;__Lib_Math.c,754 :: 		
0x0073	0x0F75      	INCFSZ     R5, 0
;__Lib_Math.c,755 :: 		
0x0074	0x07F9      	ADDWF      R9, 1
;__Lib_Math.c,756 :: 		
0x0075	0x0876      	MOVF       R6, 0
;__Lib_Math.c,757 :: 		
0x0076	0x1803      	BTFSC      STATUS, 0
;__Lib_Math.c,758 :: 		
0x0077	0x0F76      	INCFSZ     R6, 0
;__Lib_Math.c,759 :: 		
0x0078	0x07FA      	ADDWF      R10, 1
;__Lib_Math.c,760 :: 		
0x0079	0x0877      	MOVF       R7, 0
;__Lib_Math.c,761 :: 		
0x007A	0x1803      	BTFSC      STATUS, 0
;__Lib_Math.c,762 :: 		
0x007B	0x0F77      	INCFSZ     R7, 0
;__Lib_Math.c,763 :: 		
0x007C	0x07FB      	ADDWF      R11, 1
;__Lib_Math.c,765 :: 		
SOK22LA:
;__Lib_Math.c,766 :: 		
0x007D	0x0DF3      	RLF        R3, 1
;__Lib_Math.c,768 :: 		
0x007E	0x0BFC      	DECFSZ     R12, 1
;__Lib_Math.c,769 :: 		
0x007F	0x285A      	GOTO       LOOPS3232A
;__Lib_Math.c,771 :: 		
0x0080	0x0D72      	RLF        R2, 0
;__Lib_Math.c,772 :: 		
0x0081	0x0DF8      	RLF        R8, 1
;__Lib_Math.c,773 :: 		
0x0082	0x0DF9      	RLF        R9, 1
;__Lib_Math.c,774 :: 		
0x0083	0x0DFA      	RLF        R10, 1
;__Lib_Math.c,775 :: 		
0x0084	0x0DFB      	RLF        R11, 1
;__Lib_Math.c,776 :: 		
0x0085	0x0874      	MOVF       R4, 0
;__Lib_Math.c,777 :: 		
0x0086	0x1C73      	BTFSS      R3, 0
;__Lib_Math.c,778 :: 		
0x0087	0x2896      	GOTO       SADD22L8
;__Lib_Math.c,780 :: 		
0x0088	0x02F8      	SUBWF      R8, 1
;__Lib_Math.c,781 :: 		
0x0089	0x0875      	MOVF       R5, 0
;__Lib_Math.c,782 :: 		
0x008A	0x1C03      	BTFSS      STATUS, 0
;__Lib_Math.c,783 :: 		
0x008B	0x0F75      	INCFSZ     R5, 0
;__Lib_Math.c,784 :: 		
0x008C	0x02F9      	SUBWF      R9, 1
;__Lib_Math.c,785 :: 		
0x008D	0x0876      	MOVF       R6, 0
;__Lib_Math.c,786 :: 		
0x008E	0x1C03      	BTFSS      STATUS, 0
;__Lib_Math.c,787 :: 		
0x008F	0x0F76      	INCFSZ     R6, 0
;__Lib_Math.c,788 :: 		
0x0090	0x02FA      	SUBWF      R10, 1
;__Lib_Math.c,789 :: 		
0x0091	0x0877      	MOVF       R7, 0
;__Lib_Math.c,790 :: 		
0x0092	0x1C03      	BTFSS      STATUS, 0
;__Lib_Math.c,791 :: 		
0x0093	0x0F77      	INCFSZ     R7, 0
;__Lib_Math.c,792 :: 		
0x0094	0x02FB      	SUBWF      R11, 1
;__Lib_Math.c,793 :: 		
0x0095	0x28A3      	GOTO       SOK22L8
;__Lib_Math.c,795 :: 		
SADD22L8:
;__Lib_Math.c,796 :: 		
0x0096	0x07F8      	ADDWF      R8, 1
;__Lib_Math.c,797 :: 		
0x0097	0x0875      	MOVF       R5, 0
;__Lib_Math.c,798 :: 		
0x0098	0x1803      	BTFSC      STATUS, 0
;__Lib_Math.c,799 :: 		
0x0099	0x0F75      	INCFSZ     R5, 0
;__Lib_Math.c,800 :: 		
0x009A	0x07F9      	ADDWF      R9, 1
;__Lib_Math.c,801 :: 		
0x009B	0x0876      	MOVF       R6, 0
;__Lib_Math.c,802 :: 		
0x009C	0x1803      	BTFSC      STATUS, 0
;__Lib_Math.c,803 :: 		
0x009D	0x0F76      	INCFSZ     R6, 0
;__Lib_Math.c,804 :: 		
0x009E	0x07FA      	ADDWF      R10, 1
;__Lib_Math.c,805 :: 		
0x009F	0x0877      	MOVF       R7, 0
;__Lib_Math.c,806 :: 		
0x00A0	0x1803      	BTFSC      STATUS, 0
;__Lib_Math.c,807 :: 		
0x00A1	0x0F77      	INCFSZ     R7, 0
;__Lib_Math.c,808 :: 		
0x00A2	0x07FB      	ADDWF      R11, 1
;__Lib_Math.c,810 :: 		
SOK22L8:
;__Lib_Math.c,811 :: 		
0x00A3	0x0DF2      	RLF        R2, 1
;__Lib_Math.c,813 :: 		
0x00A4	0x3007      	MOVLW      7
;__Lib_Math.c,814 :: 		
0x00A5	0x00FC      	MOVWF      R12
;__Lib_Math.c,816 :: 		
LOOPS3232B:
;__Lib_Math.c,817 :: 		
0x00A6	0x0D72      	RLF        R2, 0
;__Lib_Math.c,818 :: 		
0x00A7	0x0DF8      	RLF        R8, 1
;__Lib_Math.c,819 :: 		
0x00A8	0x0DF9      	RLF        R9, 1
;__Lib_Math.c,820 :: 		
0x00A9	0x0DFA      	RLF        R10, 1
;__Lib_Math.c,821 :: 		
0x00AA	0x0DFB      	RLF        R11, 1
;__Lib_Math.c,822 :: 		
0x00AB	0x0874      	MOVF       R4, 0
;__Lib_Math.c,823 :: 		
0x00AC	0x1C72      	BTFSS      R2, 0
;__Lib_Math.c,824 :: 		
0x00AD	0x28BC      	GOTO       SADD22LB
;__Lib_Math.c,826 :: 		
0x00AE	0x02F8      	SUBWF      R8, 1
;__Lib_Math.c,827 :: 		
0x00AF	0x0875      	MOVF       R5, 0
;__Lib_Math.c,828 :: 		
0x00B0	0x1C03      	BTFSS      STATUS, 0
;__Lib_Math.c,829 :: 		
0x00B1	0x0F75      	INCFSZ     R5, 0
;__Lib_Math.c,830 :: 		
0x00B2	0x02F9      	SUBWF      R9, 1
;__Lib_Math.c,831 :: 		
0x00B3	0x0876      	MOVF       R6, 0
;__Lib_Math.c,832 :: 		
0x00B4	0x1C03      	BTFSS      STATUS, 0
;__Lib_Math.c,833 :: 		
0x00B5	0x0F76      	INCFSZ     R6, 0
;__Lib_Math.c,834 :: 		
0x00B6	0x02FA      	SUBWF      R10, 1
;__Lib_Math.c,835 :: 		
0x00B7	0x0877      	MOVF       R7, 0
;__Lib_Math.c,836 :: 		
0x00B8	0x1C03      	BTFSS      STATUS, 0
;__Lib_Math.c,837 :: 		
0x00B9	0x0F77      	INCFSZ     R7, 0
;__Lib_Math.c,838 :: 		
0x00BA	0x02FB      	SUBWF      R11, 1
;__Lib_Math.c,839 :: 		
0x00BB	0x28C9      	GOTO       SOK22LB
;__Lib_Math.c,841 :: 		
SADD22LB:
;__Lib_Math.c,842 :: 		
0x00BC	0x07F8      	ADDWF      R8, 1
;__Lib_Math.c,843 :: 		
0x00BD	0x0875      	MOVF       R5, 0
;__Lib_Math.c,844 :: 		
0x00BE	0x1803      	BTFSC      STATUS, 0
;__Lib_Math.c,845 :: 		
0x00BF	0x0F75      	INCFSZ     R5, 0
;__Lib_Math.c,846 :: 		
0x00C0	0x07F9      	ADDWF      R9, 1
;__Lib_Math.c,847 :: 		
0x00C1	0x0876      	MOVF       R6, 0
;__Lib_Math.c,848 :: 		
0x00C2	0x1803      	BTFSC      STATUS, 0
;__Lib_Math.c,849 :: 		
0x00C3	0x0F76      	INCFSZ     R6, 0
;__Lib_Math.c,850 :: 		
0x00C4	0x07FA      	ADDWF      R10, 1
;__Lib_Math.c,851 :: 		
0x00C5	0x0877      	MOVF       R7, 0
;__Lib_Math.c,852 :: 		
0x00C6	0x1803      	BTFSC      STATUS, 0
;__Lib_Math.c,853 :: 		
0x00C7	0x0F77      	INCFSZ     R7, 0
;__Lib_Math.c,854 :: 		
0x00C8	0x07FB      	ADDWF      R11, 1
;__Lib_Math.c,856 :: 		
SOK22LB:
;__Lib_Math.c,857 :: 		
0x00C9	0x0DF2      	RLF        R2, 1
;__Lib_Math.c,859 :: 		
0x00CA	0x0BFC      	DECFSZ     R12, 1
;__Lib_Math.c,860 :: 		
0x00CB	0x28A6      	GOTO       LOOPS3232B
;__Lib_Math.c,862 :: 		
0x00CC	0x0D71      	RLF        R1, 0
;__Lib_Math.c,863 :: 		
0x00CD	0x0DF8      	RLF        R8, 1
;__Lib_Math.c,864 :: 		
0x00CE	0x0DF9      	RLF        R9, 1
;__Lib_Math.c,865 :: 		
0x00CF	0x0DFA      	RLF        R10, 1
;__Lib_Math.c,866 :: 		
0x00D0	0x0DFB      	RLF        R11, 1
;__Lib_Math.c,867 :: 		
0x00D1	0x0874      	MOVF       R4, 0
;__Lib_Math.c,868 :: 		
0x00D2	0x1C72      	BTFSS      R2, 0
;__Lib_Math.c,869 :: 		
0x00D3	0x28E2      	GOTO       SADD22L16
;__Lib_Math.c,871 :: 		
0x00D4	0x02F8      	SUBWF      R8, 1
;__Lib_Math.c,872 :: 		
0x00D5	0x0875      	MOVF       R5, 0
;__Lib_Math.c,873 :: 		
0x00D6	0x1C03      	BTFSS      STATUS, 0
;__Lib_Math.c,874 :: 		
0x00D7	0x0F75      	INCFSZ     R5, 0
;__Lib_Math.c,875 :: 		
0x00D8	0x02F9      	SUBWF      R9, 1
;__Lib_Math.c,876 :: 		
0x00D9	0x0876      	MOVF       R6, 0
;__Lib_Math.c,877 :: 		
0x00DA	0x1C03      	BTFSS      STATUS, 0
;__Lib_Math.c,878 :: 		
0x00DB	0x0F76      	INCFSZ     R6, 0
;__Lib_Math.c,879 :: 		
0x00DC	0x02FA      	SUBWF      R10, 1
;__Lib_Math.c,880 :: 		
0x00DD	0x0877      	MOVF       R7, 0
;__Lib_Math.c,881 :: 		
0x00DE	0x1C03      	BTFSS      STATUS, 0
;__Lib_Math.c,882 :: 		
0x00DF	0x0F77      	INCFSZ     R7, 0
;__Lib_Math.c,883 :: 		
0x00E0	0x02FB      	SUBWF      R11, 1
;__Lib_Math.c,884 :: 		
0x00E1	0x28EF      	GOTO       SOK22L16
;__Lib_Math.c,886 :: 		
SADD22L16:
;__Lib_Math.c,887 :: 		
0x00E2	0x07F8      	ADDWF      R8, 1
;__Lib_Math.c,888 :: 		
0x00E3	0x0875      	MOVF       R5, 0
;__Lib_Math.c,889 :: 		
0x00E4	0x1803      	BTFSC      STATUS, 0
;__Lib_Math.c,890 :: 		
0x00E5	0x0F75      	INCFSZ     R5, 0
;__Lib_Math.c,891 :: 		
0x00E6	0x07F9      	ADDWF      R9, 1
;__Lib_Math.c,892 :: 		
0x00E7	0x0876      	MOVF       R6, 0
;__Lib_Math.c,893 :: 		
0x00E8	0x1803      	BTFSC      STATUS, 0
;__Lib_Math.c,894 :: 		
0x00E9	0x0F76      	INCFSZ     R6, 0
;__Lib_Math.c,895 :: 		
0x00EA	0x07FA      	ADDWF      R10, 1
;__Lib_Math.c,896 :: 		
0x00EB	0x0877      	MOVF       R7, 0
;__Lib_Math.c,897 :: 		
0x00EC	0x1803      	BTFSC      STATUS, 0
;__Lib_Math.c,898 :: 		
0x00ED	0x0F77      	INCFSZ     R7, 0
;__Lib_Math.c,899 :: 		
0x00EE	0x07FB      	ADDWF      R11, 1
;__Lib_Math.c,901 :: 		
SOK22L16:
;__Lib_Math.c,902 :: 		
0x00EF	0x0DF1      	RLF        R1, 1
;__Lib_Math.c,904 :: 		
0x00F0	0x3007      	MOVLW      7
;__Lib_Math.c,905 :: 		
0x00F1	0x00FC      	MOVWF      R12
;__Lib_Math.c,907 :: 		
LOOPS3232C:
;__Lib_Math.c,908 :: 		
0x00F2	0x0D71      	RLF        R1, 0
;__Lib_Math.c,909 :: 		
0x00F3	0x0DF8      	RLF        R8, 1
;__Lib_Math.c,910 :: 		
0x00F4	0x0DF9      	RLF        R9, 1
;__Lib_Math.c,911 :: 		
0x00F5	0x0DFA      	RLF        R10, 1
;__Lib_Math.c,912 :: 		
0x00F6	0x0DFB      	RLF        R11, 1
;__Lib_Math.c,913 :: 		
0x00F7	0x0874      	MOVF       R4, 0
;__Lib_Math.c,914 :: 		
0x00F8	0x1C71      	BTFSS      R1, 0
;__Lib_Math.c,915 :: 		
0x00F9	0x2908      	GOTO       SADD22LC
;__Lib_Math.c,917 :: 		
0x00FA	0x02F8      	SUBWF      R8, 1
;__Lib_Math.c,918 :: 		
0x00FB	0x0875      	MOVF       R5, 0
;__Lib_Math.c,919 :: 		
0x00FC	0x1C03      	BTFSS      STATUS, 0
;__Lib_Math.c,920 :: 		
0x00FD	0x0F75      	INCFSZ     R5, 0
;__Lib_Math.c,921 :: 		
0x00FE	0x02F9      	SUBWF      R9, 1
;__Lib_Math.c,922 :: 		
0x00FF	0x0876      	MOVF       R6, 0
;__Lib_Math.c,923 :: 		
0x0100	0x1C03      	BTFSS      STATUS, 0
;__Lib_Math.c,924 :: 		
0x0101	0x0F76      	INCFSZ     R6, 0
;__Lib_Math.c,925 :: 		
0x0102	0x02FA      	SUBWF      R10, 1
;__Lib_Math.c,926 :: 		
0x0103	0x0877      	MOVF       R7, 0
;__Lib_Math.c,927 :: 		
0x0104	0x1C03      	BTFSS      STATUS, 0
;__Lib_Math.c,928 :: 		
0x0105	0x0F77      	INCFSZ     R7, 0
;__Lib_Math.c,929 :: 		
0x0106	0x02FB      	SUBWF      R11, 1
;__Lib_Math.c,930 :: 		
0x0107	0x2915      	GOTO       SOK22LC
;__Lib_Math.c,932 :: 		
SADD22LC:
;__Lib_Math.c,933 :: 		
0x0108	0x07F8      	ADDWF      R8, 1
;__Lib_Math.c,934 :: 		
0x0109	0x0875      	MOVF       R5, 0
;__Lib_Math.c,935 :: 		
0x010A	0x1803      	BTFSC      STATUS, 0
;__Lib_Math.c,936 :: 		
0x010B	0x0F75      	INCFSZ     R5, 0
;__Lib_Math.c,937 :: 		
0x010C	0x07F9      	ADDWF      R9, 1
;__Lib_Math.c,938 :: 		
0x010D	0x0876      	MOVF       R6, 0
;__Lib_Math.c,939 :: 		
0x010E	0x1803      	BTFSC      STATUS, 0
;__Lib_Math.c,940 :: 		
0x010F	0x0F76      	INCFSZ     R6, 0
;__Lib_Math.c,941 :: 		
0x0110	0x07FA      	ADDWF      R10, 1
;__Lib_Math.c,942 :: 		
0x0111	0x0877      	MOVF       R7, 0
;__Lib_Math.c,943 :: 		
0x0112	0x1803      	BTFSC      STATUS, 0
;__Lib_Math.c,944 :: 		
0x0113	0x0F77      	INCFSZ     R7, 0
;__Lib_Math.c,945 :: 		
0x0114	0x07FB      	ADDWF      R11, 1
;__Lib_Math.c,947 :: 		
SOK22LC:
;__Lib_Math.c,948 :: 		
0x0115	0x0DF1      	RLF        R1, 1
;__Lib_Math.c,950 :: 		
0x0116	0x0BFC      	DECFSZ     R12, 1
;__Lib_Math.c,951 :: 		
0x0117	0x28F2      	GOTO       LOOPS3232C
;__Lib_Math.c,953 :: 		
0x0118	0x0D70      	RLF        R0, 0
;__Lib_Math.c,954 :: 		
0x0119	0x0DF8      	RLF        R8, 1
;__Lib_Math.c,955 :: 		
0x011A	0x0DF9      	RLF        R9, 1
;__Lib_Math.c,956 :: 		
0x011B	0x0DFA      	RLF        R10, 1
;__Lib_Math.c,957 :: 		
0x011C	0x0DFB      	RLF        R11, 1
;__Lib_Math.c,958 :: 		
0x011D	0x0874      	MOVF       R4, 0
;__Lib_Math.c,959 :: 		
0x011E	0x1C71      	BTFSS      R1, 0
;__Lib_Math.c,960 :: 		
0x011F	0x292E      	GOTO       SADD22L24
;__Lib_Math.c,962 :: 		
0x0120	0x02F8      	SUBWF      R8, 1
;__Lib_Math.c,963 :: 		
0x0121	0x0875      	MOVF       R5, 0
;__Lib_Math.c,964 :: 		
0x0122	0x1C03      	BTFSS      STATUS, 0
;__Lib_Math.c,965 :: 		
0x0123	0x0F75      	INCFSZ     R5, 0
;__Lib_Math.c,966 :: 		
0x0124	0x02F9      	SUBWF      R9, 1
;__Lib_Math.c,967 :: 		
0x0125	0x0876      	MOVF       R6, 0
;__Lib_Math.c,968 :: 		
0x0126	0x1C03      	BTFSS      STATUS, 0
;__Lib_Math.c,969 :: 		
0x0127	0x0F76      	INCFSZ     R6, 0
;__Lib_Math.c,970 :: 		
0x0128	0x02FA      	SUBWF      R10, 1
;__Lib_Math.c,971 :: 		
0x0129	0x0877      	MOVF       R7, 0
;__Lib_Math.c,972 :: 		
0x012A	0x1C03      	BTFSS      STATUS, 0
;__Lib_Math.c,973 :: 		
0x012B	0x0F77      	INCFSZ     R7, 0
;__Lib_Math.c,974 :: 		
0x012C	0x02FB      	SUBWF      R11, 1
;__Lib_Math.c,975 :: 		
0x012D	0x293B      	GOTO       SOK22L24
;__Lib_Math.c,977 :: 		
SADD22L24:
;__Lib_Math.c,978 :: 		
0x012E	0x07F8      	ADDWF      R8, 1
;__Lib_Math.c,979 :: 		
0x012F	0x0875      	MOVF       R5, 0
;__Lib_Math.c,980 :: 		
0x0130	0x1803      	BTFSC      STATUS, 0
;__Lib_Math.c,981 :: 		
0x0131	0x0F75      	INCFSZ     R5, 0
;__Lib_Math.c,982 :: 		
0x0132	0x07F9      	ADDWF      R9, 1
;__Lib_Math.c,983 :: 		
0x0133	0x0876      	MOVF       R6, 0
;__Lib_Math.c,984 :: 		
0x0134	0x1803      	BTFSC      STATUS, 0
;__Lib_Math.c,985 :: 		
0x0135	0x0F76      	INCFSZ     R6, 0
;__Lib_Math.c,986 :: 		
0x0136	0x07FA      	ADDWF      R10, 1
;__Lib_Math.c,987 :: 		
0x0137	0x0877      	MOVF       R7, 0
;__Lib_Math.c,988 :: 		
0x0138	0x1803      	BTFSC      STATUS, 0
;__Lib_Math.c,989 :: 		
0x0139	0x0F77      	INCFSZ     R7, 0
;__Lib_Math.c,990 :: 		
0x013A	0x07FB      	ADDWF      R11, 1
;__Lib_Math.c,992 :: 		
SOK22L24:
;__Lib_Math.c,993 :: 		
0x013B	0x0DF0      	RLF        R0, 1
;__Lib_Math.c,995 :: 		
0x013C	0x3007      	MOVLW      7
;__Lib_Math.c,996 :: 		
0x013D	0x00FC      	MOVWF      R12
;__Lib_Math.c,998 :: 		
LOOPS3232D:
;__Lib_Math.c,999 :: 		
0x013E	0x0D70      	RLF        R0, 0
;__Lib_Math.c,1000 :: 		
0x013F	0x0DF8      	RLF        R8, 1
;__Lib_Math.c,1001 :: 		
0x0140	0x0DF9      	RLF        R9, 1
;__Lib_Math.c,1002 :: 		
0x0141	0x0DFA      	RLF        R10, 1
;__Lib_Math.c,1003 :: 		
0x0142	0x0DFB      	RLF        R11, 1
;__Lib_Math.c,1004 :: 		
0x0143	0x0874      	MOVF       R4, 0
;__Lib_Math.c,1005 :: 		
0x0144	0x1C70      	BTFSS      R0, 0
;__Lib_Math.c,1006 :: 		
0x0145	0x2954      	GOTO       SADD22LD
;__Lib_Math.c,1008 :: 		
0x0146	0x02F8      	SUBWF      R8, 1
;__Lib_Math.c,1009 :: 		
0x0147	0x0875      	MOVF       R5, 0
;__Lib_Math.c,1010 :: 		
0x0148	0x1C03      	BTFSS      STATUS, 0
;__Lib_Math.c,1011 :: 		
0x0149	0x0F75      	INCFSZ     R5, 0
;__Lib_Math.c,1012 :: 		
0x014A	0x02F9      	SUBWF      R9, 1
;__Lib_Math.c,1013 :: 		
0x014B	0x0876      	MOVF       R6, 0
;__Lib_Math.c,1014 :: 		
0x014C	0x1C03      	BTFSS      STATUS, 0
;__Lib_Math.c,1015 :: 		
0x014D	0x0F76      	INCFSZ     R6, 0
;__Lib_Math.c,1016 :: 		
0x014E	0x02FA      	SUBWF      R10, 1
;__Lib_Math.c,1017 :: 		
0x014F	0x0877      	MOVF       R7, 0
;__Lib_Math.c,1018 :: 		
0x0150	0x1C03      	BTFSS      STATUS, 0
;__Lib_Math.c,1019 :: 		
0x0151	0x0F77      	INCFSZ     R7, 0
;__Lib_Math.c,1020 :: 		
0x0152	0x02FB      	SUBWF      R11, 1
;__Lib_Math.c,1021 :: 		
0x0153	0x2961      	GOTO       SOK22LD
;__Lib_Math.c,1023 :: 		
SADD22LD:
;__Lib_Math.c,1024 :: 		
0x0154	0x07F8      	ADDWF      R8, 1
;__Lib_Math.c,1025 :: 		
0x0155	0x0875      	MOVF       R5, 0
;__Lib_Math.c,1026 :: 		
0x0156	0x1803      	BTFSC      STATUS, 0
;__Lib_Math.c,1027 :: 		
0x0157	0x0F75      	INCFSZ     R5, 0
;__Lib_Math.c,1028 :: 		
0x0158	0x07F9      	ADDWF      R9, 1
;__Lib_Math.c,1029 :: 		
0x0159	0x0876      	MOVF       R6, 0
;__Lib_Math.c,1030 :: 		
0x015A	0x1803      	BTFSC      STATUS, 0
;__Lib_Math.c,1031 :: 		
0x015B	0x0F76      	INCFSZ     R6, 0
;__Lib_Math.c,1032 :: 		
0x015C	0x07FA      	ADDWF      R10, 1
;__Lib_Math.c,1033 :: 		
0x015D	0x0877      	MOVF       R7, 0
;__Lib_Math.c,1034 :: 		
0x015E	0x1803      	BTFSC      STATUS, 0
;__Lib_Math.c,1036 :: 		
0x015F	0x0F77      	INCFSZ     R7, 0
;__Lib_Math.c,1037 :: 		
0x0160	0x07FB      	ADDWF      R11, 1
;__Lib_Math.c,1039 :: 		
SOK22LD:
;__Lib_Math.c,1040 :: 		
0x0161	0x0DF0      	RLF        R0, 1
;__Lib_Math.c,1042 :: 		
0x0162	0x0BFC      	DECFSZ     R12, 1
;__Lib_Math.c,1043 :: 		
0x0163	0x293E      	GOTO       LOOPS3232D
;__Lib_Math.c,1045 :: 		
0x0164	0x1870      	BTFSC      R0, 0
;__Lib_Math.c,1046 :: 		
0x0165	0x2974      	GOTO       SOK22L
;__Lib_Math.c,1047 :: 		
0x0166	0x0874      	MOVF       R4, 0
;__Lib_Math.c,1048 :: 		
0x0167	0x07F8      	ADDWF      R8, 1
;__Lib_Math.c,1049 :: 		
0x0168	0x0875      	MOVF       R5, 0
;__Lib_Math.c,1050 :: 		
0x0169	0x1803      	BTFSC      STATUS, 0
;__Lib_Math.c,1051 :: 		
0x016A	0x0F75      	INCFSZ     R5, 0
;__Lib_Math.c,1052 :: 		
0x016B	0x07F9      	ADDWF      R9, 1
;__Lib_Math.c,1053 :: 		
0x016C	0x0876      	MOVF       R6, 0
;__Lib_Math.c,1054 :: 		
0x016D	0x1803      	BTFSC      STATUS, 0
;__Lib_Math.c,1055 :: 		
0x016E	0x0F76      	INCFSZ     R6, 0
;__Lib_Math.c,1056 :: 		
0x016F	0x07FA      	ADDWF      R10, 1
;__Lib_Math.c,1057 :: 		
0x0170	0x0877      	MOVF       R7, 0
;__Lib_Math.c,1058 :: 		
0x0171	0x1803      	BTFSC      STATUS, 0
;__Lib_Math.c,1059 :: 		
0x0172	0x0F77      	INCFSZ     R7, 0
;__Lib_Math.c,1060 :: 		
0x0173	0x07FB      	ADDWF      R11, 1
;__Lib_Math.c,1061 :: 		
SOK22L:
;__Lib_Math.c,1064 :: 		
L_end_SDIV3232L:
0x0174	0x0008      	RETURN
; end of _SDIV3232L
_Div_32x32_S:
;__Lib_Math.c,1091 :: 		
;__Lib_Math.c,1102 :: 		
;__Lib_Math.c,1105 :: 		
0x0175	0x1283      	BCF        STATUS, 5
0x0176	0x1303      	BCF        STATUS, 6
0x0177	0x0874      	MOVF       R4, 0
0x0178	0x3A00      	XORLW      0
0x0179	0x1D03      	BTFSS      STATUS, 2
0x017A	0x2990      	GOTO       L_Div_32x32_S6
;__Lib_Math.c,1106 :: 		
0x017B	0x0875      	MOVF       R5, 0
0x017C	0x3A00      	XORLW      0
0x017D	0x1D03      	BTFSS      STATUS, 2
0x017E	0x2990      	GOTO       L_Div_32x32_S7
;__Lib_Math.c,1107 :: 		
0x017F	0x0876      	MOVF       R6, 0
0x0180	0x3A00      	XORLW      0
0x0181	0x1D03      	BTFSS      STATUS, 2
0x0182	0x2990      	GOTO       L_Div_32x32_S8
;__Lib_Math.c,1108 :: 		
0x0183	0x0877      	MOVF       R7, 0
0x0184	0x3A00      	XORLW      0
0x0185	0x1D03      	BTFSS      STATUS, 2
0x0186	0x2990      	GOTO       L_Div_32x32_S9
;__Lib_Math.c,1109 :: 		
0x0187	0x30FF      	MOVLW      255
0x0188	0x00F0      	MOVWF      R0
;__Lib_Math.c,1110 :: 		
0x0189	0x30FF      	MOVLW      255
0x018A	0x00F1      	MOVWF      R1
;__Lib_Math.c,1111 :: 		
0x018B	0x30FF      	MOVLW      255
0x018C	0x00F2      	MOVWF      R2
;__Lib_Math.c,1112 :: 		
0x018D	0x307F      	MOVLW      127
0x018E	0x00F3      	MOVWF      R3
;__Lib_Math.c,1113 :: 		
0x018F	0x2A29      	GOTO       L_end_Div_32x32_S
;__Lib_Math.c,1114 :: 		
L_Div_32x32_S9:
L_Div_32x32_S8:
L_Div_32x32_S7:
L_Div_32x32_S6:
;__Lib_Math.c,1117 :: 		
0x0190	0x1283      	BCF        STATUS, 5
;__Lib_Math.c,1118 :: 		
0x0191	0x1303      	BCF        STATUS, 6
;__Lib_Math.c,1120 :: 		
0x0192	0x01FC      	CLRF       R12
;__Lib_Math.c,1121 :: 		
0x0193	0x1BF7      	BTFSC      R7, 7
;__Lib_Math.c,1122 :: 		
0x0194	0x0AFC      	INCF       R12, 1
;__Lib_Math.c,1124 :: 		
0x0195	0x01FD      	CLRF       R13
;__Lib_Math.c,1125 :: 		
0x0196	0x01FB      	CLRF       R11
;__Lib_Math.c,1126 :: 		
0x0197	0x01FA      	CLRF       R10
;__Lib_Math.c,1127 :: 		
0x0198	0x01F9      	CLRF       R9
;__Lib_Math.c,1128 :: 		
0x0199	0x01F8      	CLRF       R8
;__Lib_Math.c,1129 :: 		
0x019A	0x0873      	MOVF       R3, 0
;__Lib_Math.c,1130 :: 		
0x019B	0x0472      	IORWF      R2, 0
;__Lib_Math.c,1131 :: 		
0x019C	0x0471      	IORWF      R1, 0
;__Lib_Math.c,1132 :: 		
0x019D	0x0470      	IORWF      R0, 0
;__Lib_Math.c,1133 :: 		
0x019E	0x1903      	BTFSC      STATUS, 2
;__Lib_Math.c,1134 :: 		
0x019F	0x2A24      	GOTO       END_ALL
;__Lib_Math.c,1136 :: 		
0x01A0	0x0873      	MOVF       R3, 0
;__Lib_Math.c,1137 :: 		
0x01A1	0x0677      	XORWF      R7, 0
;__Lib_Math.c,1138 :: 		
0x01A2	0x00A0      	MOVWF      ___math_tempb
;__Lib_Math.c,1139 :: 		
0x01A3	0x1BA0      	BTFSC      ___math_tempb, 7
;__Lib_Math.c,1140 :: 		
0x01A4	0x09FD      	COMF       R13, 1
;__Lib_Math.c,1144 :: 		
0x01A5	0x1FF7      	BTFSS      R7, 7
;__Lib_Math.c,1145 :: 		
0x01A6	0x29B2      	GOTO       CA3232S
;__Lib_Math.c,1147 :: 		
0x01A7	0x09F4      	COMF       R4, 1
;__Lib_Math.c,1148 :: 		
0x01A8	0x09F5      	COMF       R5, 1
;__Lib_Math.c,1149 :: 		
0x01A9	0x09F6      	COMF       R6, 1
;__Lib_Math.c,1150 :: 		
0x01AA	0x09F7      	COMF       R7, 1
;__Lib_Math.c,1151 :: 		
0x01AB	0x0AF4      	INCF       R4, 1
;__Lib_Math.c,1152 :: 		
0x01AC	0x1903      	BTFSC      STATUS, 2
;__Lib_Math.c,1153 :: 		
0x01AD	0x0AF5      	INCF       R5, 1
;__Lib_Math.c,1154 :: 		
0x01AE	0x1903      	BTFSC      STATUS, 2
;__Lib_Math.c,1155 :: 		
0x01AF	0x0AF6      	INCF       R6, 1
;__Lib_Math.c,1156 :: 		
0x01B0	0x1903      	BTFSC      STATUS, 2
;__Lib_Math.c,1157 :: 		
0x01B1	0x0AF7      	INCF       R7, 1
;__Lib_Math.c,1159 :: 		
CA3232S:
;__Lib_Math.c,1160 :: 		
0x01B2	0x1FF3      	BTFSS      R3, 7
;__Lib_Math.c,1161 :: 		
0x01B3	0x29BF      	GOTO       C3232SX
;__Lib_Math.c,1163 :: 		
0x01B4	0x09F0      	COMF       R0, 1
;__Lib_Math.c,1164 :: 		
0x01B5	0x09F1      	COMF       R1, 1
;__Lib_Math.c,1165 :: 		
0x01B6	0x09F2      	COMF       R2, 1
;__Lib_Math.c,1166 :: 		
0x01B7	0x09F3      	COMF       R3, 1
;__Lib_Math.c,1167 :: 		
0x01B8	0x0AF0      	INCF       R0, 1
;__Lib_Math.c,1168 :: 		
0x01B9	0x1903      	BTFSC      STATUS, 2
;__Lib_Math.c,1169 :: 		
0x01BA	0x0AF1      	INCF       R1, 1
;__Lib_Math.c,1170 :: 		
0x01BB	0x1903      	BTFSC      STATUS, 2
;__Lib_Math.c,1171 :: 		
0x01BC	0x0AF2      	INCF       R2, 1
;__Lib_Math.c,1172 :: 		
0x01BD	0x1903      	BTFSC      STATUS, 2
;__Lib_Math.c,1173 :: 		
0x01BE	0x0AF3      	INCF       R3, 1
;__Lib_Math.c,1175 :: 		
C3232SX:
;__Lib_Math.c,1176 :: 		
0x01BF	0x0873      	MOVF       R3, 0
;__Lib_Math.c,1177 :: 		
0x01C0	0x0477      	IORWF      R7, 0
;__Lib_Math.c,1178 :: 		
0x01C1	0x00A0      	MOVWF      ___math_tempb
;__Lib_Math.c,1179 :: 		
0x01C2	0x1BA0      	BTFSC      ___math_tempb, 7
;__Lib_Math.c,1180 :: 		
0x01C3	0x29E0      	GOTO       C3232SX1
;__Lib_Math.c,1182 :: 		
C3232S:
;__Lib_Math.c,1185 :: 		
0x01C4	0x2049      	CALL       _SDIV3232L
;__Lib_Math.c,1189 :: 		
0x01C5	0x1BFC      	BTFSC      R12, 7
;__Lib_Math.c,1190 :: 		
0x01C6	0x29FD      	GOTO       C3232SX4
;__Lib_Math.c,1192 :: 		
C3232SOK:
;__Lib_Math.c,1193 :: 		
0x01C7	0x1FFD      	BTFSS      R13, 7
;__Lib_Math.c,1194 :: 		
0x01C8	0x2A24      	GOTO       END_ALL
;__Lib_Math.c,1196 :: 		
0x01C9	0x09F0      	COMF       R0, 1
;__Lib_Math.c,1197 :: 		
0x01CA	0x09F1      	COMF       R1, 1
;__Lib_Math.c,1198 :: 		
0x01CB	0x09F2      	COMF       R2, 1
;__Lib_Math.c,1199 :: 		
0x01CC	0x09F3      	COMF       R3, 1
;__Lib_Math.c,1200 :: 		
0x01CD	0x0AF0      	INCF       R0, 1
;__Lib_Math.c,1201 :: 		
0x01CE	0x1903      	BTFSC      STATUS, 2
;__Lib_Math.c,1202 :: 		
0x01CF	0x0AF1      	INCF       R1, 1
;__Lib_Math.c,1203 :: 		
0x01D0	0x1903      	BTFSC      STATUS, 2
;__Lib_Math.c,1204 :: 		
0x01D1	0x0AF2      	INCF       R2, 1
;__Lib_Math.c,1205 :: 		
0x01D2	0x1903      	BTFSC      STATUS, 2
;__Lib_Math.c,1206 :: 		
0x01D3	0x0AF3      	INCF       R3, 1
;__Lib_Math.c,1208 :: 		
0x01D4	0x09F8      	COMF       R8, 1
;__Lib_Math.c,1209 :: 		
0x01D5	0x09F9      	COMF       R9, 1
;__Lib_Math.c,1210 :: 		
0x01D6	0x09FA      	COMF       R10, 1
;__Lib_Math.c,1211 :: 		
0x01D7	0x09FB      	COMF       R11, 1
;__Lib_Math.c,1212 :: 		
0x01D8	0x0AF8      	INCF       R8, 1
;__Lib_Math.c,1213 :: 		
0x01D9	0x1903      	BTFSC      STATUS, 2
;__Lib_Math.c,1214 :: 		
0x01DA	0x0AF9      	INCF       R9, 1
;__Lib_Math.c,1215 :: 		
0x01DB	0x1903      	BTFSC      STATUS, 2
;__Lib_Math.c,1216 :: 		
0x01DC	0x0AFA      	INCF       R10, 1
;__Lib_Math.c,1217 :: 		
0x01DD	0x1903      	BTFSC      STATUS, 2
;__Lib_Math.c,1218 :: 		
0x01DE	0x0AFB      	INCF       R11, 1
;__Lib_Math.c,1220 :: 		
0x01DF	0x2A24      	GOTO       END_ALL
;__Lib_Math.c,1222 :: 		
C3232SX1:
;__Lib_Math.c,1223 :: 		
0x01E0	0x1FF7      	BTFSS      R7, 7
;__Lib_Math.c,1224 :: 		
0x01E1	0x29F7      	GOTO       C3232SX3
;__Lib_Math.c,1225 :: 		
0x01E2	0x1BF3      	BTFSC      R3, 7
;__Lib_Math.c,1226 :: 		
0x01E3	0x29F1      	GOTO       C3232SX2
;__Lib_Math.c,1227 :: 		
0x01E4	0x0873      	MOVF       R3, 0
;__Lib_Math.c,1228 :: 		
0x01E5	0x00FB      	MOVWF      R11
;__Lib_Math.c,1229 :: 		
0x01E6	0x0872      	MOVF       R2, 0
;__Lib_Math.c,1230 :: 		
0x01E7	0x00FA      	MOVWF      R10
;__Lib_Math.c,1231 :: 		
0x01E8	0x0871      	MOVF       R1, 0
;__Lib_Math.c,1232 :: 		
0x01E9	0x00F9      	MOVWF      R9
;__Lib_Math.c,1233 :: 		
0x01EA	0x0870      	MOVF       R0, 0
;__Lib_Math.c,1234 :: 		
0x01EB	0x00F8      	MOVWF      R8
;__Lib_Math.c,1235 :: 		
0x01EC	0x01F3      	CLRF       R3
;__Lib_Math.c,1236 :: 		
0x01ED	0x01F2      	CLRF       R2
;__Lib_Math.c,1237 :: 		
0x01EE	0x01F1      	CLRF       R1
;__Lib_Math.c,1238 :: 		
0x01EF	0x01F0      	CLRF       R0
;__Lib_Math.c,1239 :: 		
0x01F0	0x29C7      	GOTO       C3232SOK
;__Lib_Math.c,1240 :: 		
C3232SX2:
;__Lib_Math.c,1241 :: 		
0x01F1	0x01F3      	CLRF       R3
;__Lib_Math.c,1242 :: 		
0x01F2	0x01F2      	CLRF       R2
;__Lib_Math.c,1243 :: 		
0x01F3	0x01F1      	CLRF       R1
;__Lib_Math.c,1244 :: 		
0x01F4	0x01F0      	CLRF       R0
;__Lib_Math.c,1245 :: 		
0x01F5	0x0AF0      	INCF       R0, 1
;__Lib_Math.c,1246 :: 		
0x01F6	0x3400      	RETLW      0
;__Lib_Math.c,1248 :: 		
C3232SX3:
;__Lib_Math.c,1249 :: 		
0x01F7	0x09F3      	COMF       R3, 1
;__Lib_Math.c,1250 :: 		
0x01F8	0x09F2      	COMF       R2, 1
;__Lib_Math.c,1251 :: 		
0x01F9	0x09F1      	COMF       R1, 1
;__Lib_Math.c,1252 :: 		
0x01FA	0x09F0      	COMF       R0, 1
;__Lib_Math.c,1254 :: 		
0x01FB	0x17FC      	BSF        R12, 7
;__Lib_Math.c,1256 :: 		
0x01FC	0x29C4      	GOTO       C3232S
;__Lib_Math.c,1258 :: 		
C3232SX4:
;__Lib_Math.c,1259 :: 		
0x01FD	0x0AF8      	INCF       R8, 1
;__Lib_Math.c,1260 :: 		
0x01FE	0x1903      	BTFSC      STATUS, 2
;__Lib_Math.c,1261 :: 		
0x01FF	0x0AF9      	INCF       R9, 1
;__Lib_Math.c,1262 :: 		
0x0200	0x1903      	BTFSC      STATUS, 2
;__Lib_Math.c,1263 :: 		
0x0201	0x0AFA      	INCF       R10, 1
;__Lib_Math.c,1264 :: 		
0x0202	0x1903      	BTFSC      STATUS, 2
;__Lib_Math.c,1265 :: 		
0x0203	0x0AFB      	INCF       R11, 1
;__Lib_Math.c,1266 :: 		
0x0204	0x0874      	MOVF       R4, 0
;__Lib_Math.c,1267 :: 		
0x0205	0x0278      	SUBWF      R8, 0
;__Lib_Math.c,1268 :: 		
0x0206	0x1D03      	BTFSS      STATUS, 2
;__Lib_Math.c,1269 :: 		
0x0207	0x29C7      	GOTO       C3232SOK
;__Lib_Math.c,1270 :: 		
0x0208	0x0875      	MOVF       R5, 0
;__Lib_Math.c,1271 :: 		
0x0209	0x0279      	SUBWF      R9, 0
;__Lib_Math.c,1272 :: 		
0x020A	0x1D03      	BTFSS      STATUS, 2
;__Lib_Math.c,1273 :: 		
0x020B	0x29C7      	GOTO       C3232SOK
;__Lib_Math.c,1274 :: 		
0x020C	0x0876      	MOVF       R6, 0
;__Lib_Math.c,1275 :: 		
0x020D	0x027A      	SUBWF      R10, 0
;__Lib_Math.c,1276 :: 		
0x020E	0x1D03      	BTFSS      STATUS, 2
;__Lib_Math.c,1277 :: 		
0x020F	0x29C7      	GOTO       C3232SOK
;__Lib_Math.c,1278 :: 		
0x0210	0x0877      	MOVF       R7, 0
;__Lib_Math.c,1279 :: 		
0x0211	0x027B      	SUBWF      R11, 0
;__Lib_Math.c,1280 :: 		
0x0212	0x1D03      	BTFSS      STATUS, 2
;__Lib_Math.c,1281 :: 		
0x0213	0x29C7      	GOTO       C3232SOK
;__Lib_Math.c,1282 :: 		
0x0214	0x01FB      	CLRF       R11
;__Lib_Math.c,1283 :: 		
0x0215	0x01FA      	CLRF       R10
;__Lib_Math.c,1284 :: 		
0x0216	0x01F9      	CLRF       R9
;__Lib_Math.c,1285 :: 		
0x0217	0x01F8      	CLRF       R8
;__Lib_Math.c,1286 :: 		
0x0218	0x0AF0      	INCF       R0, 1
;__Lib_Math.c,1287 :: 		
0x0219	0x1903      	BTFSC      STATUS, 2
;__Lib_Math.c,1288 :: 		
0x021A	0x0AF1      	INCF       R1, 1
;__Lib_Math.c,1289 :: 		
0x021B	0x1903      	BTFSC      STATUS, 2
;__Lib_Math.c,1290 :: 		
0x021C	0x0AF2      	INCF       R2, 1
;__Lib_Math.c,1291 :: 		
0x021D	0x1903      	BTFSC      STATUS, 2
;__Lib_Math.c,1292 :: 		
0x021E	0x0AF3      	INCF       R3, 1
;__Lib_Math.c,1293 :: 		
0x021F	0x1FF3      	BTFSS      R3, 7
;__Lib_Math.c,1294 :: 		
0x0220	0x29C7      	GOTO       C3232SOK
;__Lib_Math.c,1295 :: 		
0x0221	0x01A0      	CLRF       ___math_tempb
;__Lib_Math.c,1296 :: 		
0x0222	0x1620      	BSF        ___math_tempb, 4
;__Lib_Math.c,1297 :: 		
0x0223	0x34FF      	RETLW      255
;__Lib_Math.c,1298 :: 		
END_ALL:
;__Lib_Math.c,1299 :: 		
0x0224	0x01A0      	CLRF       ___math_tempb
;__Lib_Math.c,1300 :: 		
0x0225	0x1C7C      	BTFSS      R12, 0
;__Lib_Math.c,1301 :: 		
0x0226	0x2A28      	GOTO       avoid_comfrem
;__Lib_Math.c,1303 :: 		
0x0227	0x203D      	CALL       _COMFREM
;__Lib_Math.c,1305 :: 		
avoid_comfrem:
;__Lib_Math.c,1306 :: 		
0x0228	0x3E00      	ADDLW      0
;__Lib_Math.c,1308 :: 		
L_end_Div_32x32_S:
0x0229	0x0008      	RETURN
; end of _Div_32x32_S
_PWM1_Start:
;__Lib_PWM_c21.c,50 :: 		
;__Lib_PWM_c21.c,51 :: 		
0x022A	0x1683      	BSF        STATUS, 5
0x022B	0x1303      	BCF        STATUS, 6
0x022C	0x1107      	BCF        TRISC2_bit, BitPos(TRISC2_bit+0)
;__Lib_PWM_c21.c,52 :: 		
0x022D	0x1283      	BCF        STATUS, 5
0x022E	0x1512      	BSF        T2CON, 2
;__Lib_PWM_c21.c,53 :: 		
0x022F	0x300C      	MOVLW      12
0x0230	0x0497      	IORWF      CCP1CON, 1
;__Lib_PWM_c21.c,54 :: 		
L_end_PWM1_Start:
0x0231	0x0008      	RETURN
; end of _PWM1_Start
_ADC_Init:
;__Lib_ADC_A_C.c,19 :: 		
;__Lib_ADC_A_C.c,20 :: 		
0x0232	0x30FF      	MOVLW      _ADC_Get_Sample
0x0233	0x1283      	BCF        STATUS, 5
0x0234	0x1303      	BCF        STATUS, 6
0x0235	0x00A6      	MOVWF      _ADC_Get_Sample_Ptr
0x0236	0x30FF      	MOVLW      hi_addr(_ADC_Get_Sample)
0x0237	0x00A7      	MOVWF      _ADC_Get_Sample_Ptr+1
0x0238	0x30FF      	MOVLW      FARG_ADC_Get_Sample_channel
0x0239	0x00A8      	MOVWF      _ADC_Get_Sample_Ptr+2
0x023A	0x30FF      	MOVLW      hi_addr(FARG_ADC_Get_Sample_channel)
;__Lib_ADC_A_C.c,22 :: 		
0x023B	0x019F      	CLRF       ADCON0
;__Lib_ADC_A_C.c,23 :: 		
0x023C	0x30C0      	MOVLW      192
0x023D	0x049F      	IORWF      ADCON0, 1
;__Lib_ADC_A_C.c,24 :: 		
0x023E	0x0921      	COMF       _vref_mask, 0
0x023F	0x00F0      	MOVWF      R0
0x0240	0x0870      	MOVF       R0, 0
0x0241	0x1683      	BSF        STATUS, 5
0x0242	0x059F      	ANDWF      ADCON1, 1
;__Lib_ADC_A_C.c,25 :: 		
0x0243	0x171F      	BSF        ADCON1, 6
;__Lib_ADC_A_C.c,26 :: 		
0x0244	0x179F      	BSF        ADCON1, 7
;__Lib_ADC_A_C.c,29 :: 		
0x0245	0x1283      	BCF        STATUS, 5
0x0246	0x141F      	BSF        ADCON0, 0
;__Lib_ADC_A_C.c,30 :: 		
L_end_ADC_Init:
0x0247	0x0008      	RETURN
; end of _ADC_Init
_Mul_32x32_U:
;__Lib_Math.c,1774 :: 		
;__Lib_Math.c,1789 :: 		
0x0248	0x1283      	BCF        STATUS, 5
;__Lib_Math.c,1790 :: 		
0x0249	0x1303      	BCF        STATUS, 6
;__Lib_Math.c,1791 :: 		
0x024A	0x3022      	MOVLW      34
;__Lib_Math.c,1792 :: 		
0x024B	0x00FC      	MOVWF      R12
;__Lib_Math.c,1793 :: 		
0x024C	0x01F8      	CLRF       R8
;__Lib_Math.c,1794 :: 		
0x024D	0x01F9      	CLRF       R9
;__Lib_Math.c,1795 :: 		
0x024E	0x01FA      	CLRF       R10
;__Lib_Math.c,1796 :: 		
0x024F	0x01FB      	CLRF       R11
;__Lib_Math.c,1798 :: 		
_NEXT:
;__Lib_Math.c,1802 :: 		
0x0250	0x03FC      	DECF       R12, 1
;__Lib_Math.c,1803 :: 		
0x0251	0x1903      	BTFSC      STATUS, 2
;__Lib_Math.c,1804 :: 		
0x0252	0x2A7E      	GOTO       _EXIT2
;__Lib_Math.c,1805 :: 		
0x0253	0x1003      	BCF        STATUS, 0
;__Lib_Math.c,1807 :: 		
_LOOP:
;__Lib_Math.c,1816 :: 		
0x0254	0x0CFB      	RRF        R11, 1
;__Lib_Math.c,1817 :: 		
0x0255	0x0CFA      	RRF        R10, 1
;__Lib_Math.c,1818 :: 		
0x0256	0x0CF9      	RRF        R9, 1
;__Lib_Math.c,1819 :: 		
0x0257	0x0CF8      	RRF        R8, 1
;__Lib_Math.c,1820 :: 		
0x0258	0x0CF3      	RRF        R3, 1
;__Lib_Math.c,1821 :: 		
0x0259	0x0CF2      	RRF        R2, 1
;__Lib_Math.c,1822 :: 		
0x025A	0x0CF1      	RRF        R1, 1
;__Lib_Math.c,1823 :: 		
0x025B	0x0CF0      	RRF        R0, 1
;__Lib_Math.c,1828 :: 		
0x025C	0x1C03      	BTFSS      STATUS, 0
;__Lib_Math.c,1829 :: 		
0x025D	0x2A50      	GOTO       _NEXT
;__Lib_Math.c,1830 :: 		
0x025E	0x03FC      	DECF       R12, 1
;__Lib_Math.c,1831 :: 		
0x025F	0x1903      	BTFSC      STATUS, 2
;__Lib_Math.c,1832 :: 		
0x0260	0x2A70      	GOTO       _EXIT1
;__Lib_Math.c,1839 :: 		
0x0261	0x0874      	MOVF       R4, 0
;__Lib_Math.c,1840 :: 		
0x0262	0x07F8      	ADDWF      R8, 1
;__Lib_Math.c,1841 :: 		
0x0263	0x0875      	MOVF       R5, 0
;__Lib_Math.c,1842 :: 		
0x0264	0x1803      	BTFSC      STATUS, 0
;__Lib_Math.c,1843 :: 		
0x0265	0x0F75      	INCFSZ     R5, 0
;__Lib_Math.c,1844 :: 		
0x0266	0x07F9      	ADDWF      R9, 1
;__Lib_Math.c,1845 :: 		
0x0267	0x0876      	MOVF       R6, 0
;__Lib_Math.c,1846 :: 		
0x0268	0x1803      	BTFSC      STATUS, 0
;__Lib_Math.c,1847 :: 		
0x0269	0x0F76      	INCFSZ     R6, 0
;__Lib_Math.c,1848 :: 		
0x026A	0x07FA      	ADDWF      R10, 1
;__Lib_Math.c,1849 :: 		
0x026B	0x0877      	MOVF       R7, 0
;__Lib_Math.c,1850 :: 		
0x026C	0x1803      	BTFSC      STATUS, 0
;__Lib_Math.c,1851 :: 		
0x026D	0x0F77      	INCFSZ     R7, 0
;__Lib_Math.c,1852 :: 		
0x026E	0x07FB      	ADDWF      R11, 1
;__Lib_Math.c,1854 :: 		
0x026F	0x2A54      	GOTO       _LOOP
;__Lib_Math.c,1856 :: 		
_EXIT1:
;__Lib_Math.c,1861 :: 		
0x0270	0x0874      	MOVF       R4, 0
;__Lib_Math.c,1862 :: 		
0x0271	0x07F8      	ADDWF      R8, 1
;__Lib_Math.c,1863 :: 		
0x0272	0x0875      	MOVF       R5, 0
;__Lib_Math.c,1864 :: 		
0x0273	0x1803      	BTFSC      STATUS, 0
;__Lib_Math.c,1865 :: 		
0x0274	0x0F75      	INCFSZ     R5, 0
;__Lib_Math.c,1866 :: 		
0x0275	0x07F9      	ADDWF      R9, 1
;__Lib_Math.c,1867 :: 		
0x0276	0x0876      	MOVF       R6, 0
;__Lib_Math.c,1868 :: 		
0x0277	0x1803      	BTFSC      STATUS, 0
;__Lib_Math.c,1869 :: 		
0x0278	0x0F76      	INCFSZ     R6, 0
;__Lib_Math.c,1870 :: 		
0x0279	0x07FA      	ADDWF      R10, 1
;__Lib_Math.c,1871 :: 		
0x027A	0x0877      	MOVF       R7, 0
;__Lib_Math.c,1872 :: 		
0x027B	0x1803      	BTFSC      STATUS, 0
;__Lib_Math.c,1873 :: 		
0x027C	0x0F77      	INCFSZ     R7, 0
;__Lib_Math.c,1874 :: 		
0x027D	0x07FB      	ADDWF      R11, 1
;__Lib_Math.c,1877 :: 		
_EXIT2:
;__Lib_Math.c,1879 :: 		
L_end_Mul_32x32_U:
0x027E	0x0008      	RETURN
; end of _Mul_32x32_U
___CC2DW:
;__Lib_System.c,134 :: 		
;__Lib_System.c,137 :: 		
_CC2D_Loop1:
;__Lib_System.c,139 :: 		
0x027F	0x202E      	CALL       _____DoICP
0x0280	0x118A      	BCF        PCLATH, 3
0x0281	0x120A      	BCF        PCLATH, 4
;__Lib_System.c,141 :: 		
0x0282	0x0080      	MOVWF      INDF
;__Lib_System.c,142 :: 		
0x0283	0x0A84      	INCF       FSR, 1
;__Lib_System.c,143 :: 		
0x0284	0x0AA2      	INCF       ___DoICPAddr, 1
;__Lib_System.c,145 :: 		
0x0285	0x1903      	BTFSC      STATUS, 2
;__Lib_System.c,146 :: 		
0x0286	0x0AA3      	INCF       ___DoICPAddr+1, 1
;__Lib_System.c,147 :: 		
0x0287	0x03F0      	DECF       R0, 1
;__Lib_System.c,149 :: 		
0x0288	0x1D03      	BTFSS      STATUS, 2
;__Lib_System.c,150 :: 		
0x0289	0x2A7F      	GOTO       _CC2D_Loop1
;__Lib_System.c,152 :: 		
L_end___CC2DW:
0x028A	0x0008      	RETURN
; end of ___CC2DW
_PWM1_Set_Duty:
;__Lib_PWM_c21.c,39 :: 		
;__Lib_PWM_c21.c,43 :: 		
0x028B	0x1683      	BSF        STATUS, 5
0x028C	0x1303      	BCF        STATUS, 6
0x028D	0x0812      	MOVF       PR2, 0
0x028E	0x3E01      	ADDLW      1
0x028F	0x00F0      	MOVWF      R0
0x0290	0x01F1      	CLRF       R0+1
0x0291	0x1803      	BTFSC      STATUS, 0
0x0292	0x0AF1      	INCF       R0+1, 1
0x0293	0x1283      	BCF        STATUS, 5
0x0294	0x083B      	MOVF       FARG_PWM1_Set_Duty_new_duty, 0
0x0295	0x00F4      	MOVWF      R4
0x0296	0x01F5      	CLRF       R4+1
0x0297	0x2003      	CALL       _Mul_16X16_U
0x0298	0x3006      	MOVLW      6
0x0299	0x00F2      	MOVWF      R2
0x029A	0x0870      	MOVF       R0, 0
0x029B	0x00F4      	MOVWF      R4
0x029C	0x0871      	MOVF       R0+1, 0
0x029D	0x00F5      	MOVWF      R4+1
0x029E	0x0872      	MOVF       R2, 0
L__PWM1_Set_Duty10:
0x029F	0x1903      	BTFSC      STATUS, 2
0x02A0	0x2AA6      	GOTO       L__PWM1_Set_Duty11
0x02A1	0x0CF5      	RRF        R4+1, 1
0x02A2	0x0CF4      	RRF        R4, 1
0x02A3	0x13F5      	BCF        R4+1, 7
0x02A4	0x3EFF      	ADDLW      255
0x02A5	0x2A9F      	GOTO       L__PWM1_Set_Duty10
L__PWM1_Set_Duty11:
;__Lib_PWM_c21.c,44 :: 		
0x02A6	0x3004      	MOVLW      4
0x02A7	0x00F1      	MOVWF      R1
0x02A8	0x0874      	MOVF       R4, 0
0x02A9	0x00F0      	MOVWF      R0
0x02AA	0x0871      	MOVF       R1, 0
L__PWM1_Set_Duty12:
0x02AB	0x1903      	BTFSC      STATUS, 2
0x02AC	0x2AB1      	GOTO       L__PWM1_Set_Duty13
0x02AD	0x0DF0      	RLF        R0, 1
0x02AE	0x1070      	BCF        R0, 0
0x02AF	0x3EFF      	ADDLW      255
0x02B0	0x2AAB      	GOTO       L__PWM1_Set_Duty12
L__PWM1_Set_Duty13:
0x02B1	0x3030      	MOVLW      48
0x02B2	0x0570      	ANDWF      R0, 0
0x02B3	0x00F3      	MOVWF      R3
;__Lib_PWM_c21.c,45 :: 		
0x02B4	0x0874      	MOVF       R4, 0
0x02B5	0x00F0      	MOVWF      R0
0x02B6	0x0875      	MOVF       R4+1, 0
0x02B7	0x00F1      	MOVWF      R0+1
0x02B8	0x0CF1      	RRF        R0+1, 1
0x02B9	0x0CF0      	RRF        R0, 1
0x02BA	0x13F1      	BCF        R0+1, 7
0x02BB	0x0CF1      	RRF        R0+1, 1
0x02BC	0x0CF0      	RRF        R0, 1
0x02BD	0x13F1      	BCF        R0+1, 7
0x02BE	0x0870      	MOVF       R0, 0
0x02BF	0x0095      	MOVWF      CCPR1L
;__Lib_PWM_c21.c,46 :: 		
0x02C0	0x300F      	MOVLW      15
0x02C1	0x0597      	ANDWF      CCP1CON, 1
;__Lib_PWM_c21.c,47 :: 		
0x02C2	0x0873      	MOVF       R3, 0
0x02C3	0x0497      	IORWF      CCP1CON, 1
;__Lib_PWM_c21.c,48 :: 		
L_end_PWM1_Set_Duty:
0x02C4	0x0008      	RETURN
; end of _PWM1_Set_Duty
_PWM1_Init:
;__Lib_PWM_c21.c,32 :: 		
;__Lib_PWM_c21.c,33 :: 		
;__Lib_PWM_c21.c,34 :: 		
0x02C5	0x1283      	BCF        STATUS, 5
0x02C6	0x1303      	BCF        STATUS, 6
0x02C7	0x0195      	CLRF       CCPR1L
;__Lib_PWM_c21.c,35 :: 		
0x02C8	0x1217      	BCF        CCP1CON, 4
;__Lib_PWM_c21.c,36 :: 		
0x02C9	0x1297      	BCF        CCP1CON, 5
;__Lib_PWM_c21.c,37 :: 		
L_end_PWM1_Init:
0x02CA	0x0008      	RETURN
; end of _PWM1_Init
_ADC_Read:
;__Lib_ADC_A_C.c,68 :: 		
;__Lib_ADC_A_C.c,70 :: 		
0x02CB	0x1283      	BCF        STATUS, 5
0x02CC	0x1303      	BCF        STATUS, 6
0x02CD	0x019F      	CLRF       ADCON0
;__Lib_ADC_A_C.c,71 :: 		
0x02CE	0x30C0      	MOVLW      192
0x02CF	0x049F      	IORWF      ADCON0, 1
;__Lib_ADC_A_C.c,72 :: 		
0x02D0	0x0921      	COMF       _vref_mask, 0
0x02D1	0x00F0      	MOVWF      R0
0x02D2	0x0870      	MOVF       R0, 0
0x02D3	0x1683      	BSF        STATUS, 5
0x02D4	0x059F      	ANDWF      ADCON1, 1
;__Lib_ADC_A_C.c,73 :: 		
0x02D5	0x171F      	BSF        ADCON1, 6
;__Lib_ADC_A_C.c,74 :: 		
0x02D6	0x179F      	BSF        ADCON1, 7
;__Lib_ADC_A_C.c,75 :: 		
0x02D7	0x1283      	BCF        STATUS, 5
0x02D8	0x083B      	MOVF       FARG_ADC_Read_channel, 0
0x02D9	0x00F0      	MOVWF      R0
0x02DA	0x0DF0      	RLF        R0, 1
0x02DB	0x1070      	BCF        R0, 0
0x02DC	0x0DF0      	RLF        R0, 1
0x02DD	0x1070      	BCF        R0, 0
0x02DE	0x0DF0      	RLF        R0, 1
0x02DF	0x1070      	BCF        R0, 0
0x02E0	0x0870      	MOVF       R0, 0
0x02E1	0x049F      	IORWF      ADCON0, 1
;__Lib_ADC_A_C.c,78 :: 		
0x02E2	0x141F      	BSF        ADCON0, 0
;__Lib_ADC_A_C.c,81 :: 		
0x02E3	0x2035      	CALL       _Delay_22us
;__Lib_ADC_A_C.c,84 :: 		
0x02E4	0x151F      	BSF        ADCON0, 2
;__Lib_ADC_A_C.c,87 :: 		
L_ADC_Read2:
0x02E5	0x1D1F      	BTFSS      ADCON0, 2
0x02E6	0x2AE9      	GOTO       L_ADC_Read3
;__Lib_ADC_A_C.c,88 :: 		
0x02E7	0x0000      	NOP
0x02E8	0x2AE5      	GOTO       L_ADC_Read2
L_ADC_Read3:
;__Lib_ADC_A_C.c,91 :: 		
0x02E9	0x101F      	BCF        ADCON0, 0
;__Lib_ADC_A_C.c,94 :: 		
0x02EA	0x081E      	MOVF       ADRESH, 0
0x02EB	0x00F1      	MOVWF      R0+1
0x02EC	0x01F0      	CLRF       R0
0x02ED	0x1683      	BSF        STATUS, 5
0x02EE	0x081E      	MOVF       ADRESL, 0
0x02EF	0x04F0      	IORWF      R0, 1
0x02F0	0x3000      	MOVLW      0
0x02F1	0x04F1      	IORWF      R0+1, 1
;__Lib_ADC_A_C.c,95 :: 		
L_end_ADC_Read:
0x02F2	0x0008      	RETURN
; end of _ADC_Read
_main:
0x02F3	0x248E      	CALL       1166
;PIC16F877A.c,4 :: 		void main() {
;PIC16F877A.c,5 :: 		TRISA0_bit = 1;
0x02F4	0x1683      	BSF        STATUS, 5
0x02F5	0x1303      	BCF        STATUS, 6
0x02F6	0x1405      	BSF        TRISA0_bit, BitPos(TRISA0_bit+0)
;PIC16F877A.c,6 :: 		TRISC = 0; // Set PORTC as output for motor control
0x02F7	0x0187      	CLRF       TRISC
;PIC16F877A.c,7 :: 		TRISD.B2 = 1; // Set RD0 (PORTD.B0) as input for IR sensor
0x02F8	0x1508      	BSF        TRISD, 2
;PIC16F877A.c,8 :: 		TRISB.B0 = 0; // Set RB0 as output for LED
0x02F9	0x1006      	BCF        TRISB, 0
;PIC16F877A.c,9 :: 		PORTB.B0 = 1; // Turn on LED initially
0x02FA	0x1283      	BCF        STATUS, 5
0x02FB	0x1406      	BSF        PORTB, 0
;PIC16F877A.c,11 :: 		PWM1_Init(1000);
0x02FC	0x1412      	BSF        T2CON, 0
0x02FD	0x1492      	BSF        T2CON, 1
0x02FE	0x307C      	MOVLW      124
0x02FF	0x1683      	BSF        STATUS, 5
0x0300	0x0092      	MOVWF      PR2
0x0301	0x22C5      	CALL       _PWM1_Init
;PIC16F877A.c,12 :: 		PWM1_Start();
0x0302	0x222A      	CALL       _PWM1_Start
;PIC16F877A.c,13 :: 		ADC_Init();
0x0303	0x2232      	CALL       _ADC_Init
;PIC16F877A.c,15 :: 		while(1) {
L_main0:
;PIC16F877A.c,16 :: 		int load_detected = PORTD.F0;
0x0304	0x3000      	MOVLW      0
0x0305	0x1808      	BTFSC      PORTD, 0
0x0306	0x3001      	MOVLW      1
0x0307	0x00AD      	MOVWF      main_load_detected_L1
0x0308	0x01AE      	CLRF       main_load_detected_L1+1
;PIC16F877A.c,17 :: 		int front_sensor_left = PORTD.F1;
0x0309	0x3000      	MOVLW      0
0x030A	0x1888      	BTFSC      PORTD, 1
0x030B	0x3001      	MOVLW      1
0x030C	0x00AF      	MOVWF      main_front_sensor_left_L1
0x030D	0x01B0      	CLRF       main_front_sensor_left_L1+1
;PIC16F877A.c,18 :: 		int front_sensor_right = PORTD.F2;
0x030E	0x3000      	MOVLW      0
0x030F	0x1908      	BTFSC      PORTD, 2
0x0310	0x3001      	MOVLW      1
0x0311	0x00B1      	MOVWF      main_front_sensor_right_L1
0x0312	0x01B2      	CLRF       main_front_sensor_right_L1+1
;PIC16F877A.c,19 :: 		int back_sensor_left = PORTD.F3;
0x0313	0x3000      	MOVLW      0
0x0314	0x1988      	BTFSC      PORTD, 3
0x0315	0x3001      	MOVLW      1
0x0316	0x00B3      	MOVWF      main_back_sensor_left_L1
0x0317	0x01B4      	CLRF       main_back_sensor_left_L1+1
;PIC16F877A.c,20 :: 		int back_sensor_right = PORTD.F4;
0x0318	0x3000      	MOVLW      0
0x0319	0x1A08      	BTFSC      PORTD, 4
0x031A	0x3001      	MOVLW      1
0x031B	0x00B5      	MOVWF      main_back_sensor_right_L1
0x031C	0x01B6      	CLRF       main_back_sensor_right_L1+1
;PIC16F877A.c,21 :: 		int obstacle_front = PORTD.F5;
0x031D	0x3000      	MOVLW      0
0x031E	0x1A88      	BTFSC      PORTD, 5
0x031F	0x3001      	MOVLW      1
0x0320	0x00B7      	MOVWF      main_obstacle_front_L1
0x0321	0x01B8      	CLRF       main_obstacle_front_L1+1
;PIC16F877A.c,22 :: 		int obstacle_back = PORTD.F6;
0x0322	0x3000      	MOVLW      0
0x0323	0x1B08      	BTFSC      PORTD, 6
0x0324	0x3001      	MOVLW      1
0x0325	0x00B9      	MOVWF      main_obstacle_back_L1
0x0326	0x01BA      	CLRF       main_obstacle_back_L1+1
;PIC16F877A.c,24 :: 		adc_rd = ADC_Read(0);
0x0327	0x01BB      	CLRF       FARG_ADC_Read_channel
0x0328	0x22CB      	CALL       _ADC_Read
0x0329	0x0870      	MOVF       R0, 0
0x032A	0x1283      	BCF        STATUS, 5
0x032B	0x00A4      	MOVWF      _adc_rd
0x032C	0x0871      	MOVF       R0+1, 0
0x032D	0x00A5      	MOVWF      _adc_rd+1
;PIC16F877A.c,25 :: 		current_duty = (long)adc_rd * 255;
0x032E	0x3000      	MOVLW      0
0x032F	0x00F2      	MOVWF      R0+2
0x0330	0x00F3      	MOVWF      R0+3
0x0331	0x30FF      	MOVLW      255
0x0332	0x00F4      	MOVWF      R4
0x0333	0x01F5      	CLRF       R4+1
0x0334	0x01F6      	CLRF       R4+2
0x0335	0x01F7      	CLRF       R4+3
0x0336	0x2248      	CALL       _Mul_32x32_U
0x0337	0x0870      	MOVF       R0, 0
0x0338	0x00A9      	MOVWF      _current_duty
0x0339	0x0871      	MOVF       R0+1, 0
0x033A	0x00AA      	MOVWF      _current_duty+1
0x033B	0x0872      	MOVF       R0+2, 0
0x033C	0x00AB      	MOVWF      _current_duty+2
0x033D	0x0873      	MOVF       R0+3, 0
0x033E	0x00AC      	MOVWF      _current_duty+3
;PIC16F877A.c,26 :: 		current_duty = current_duty / 1023;
0x033F	0x30FF      	MOVLW      255
0x0340	0x00F4      	MOVWF      R4
0x0341	0x3003      	MOVLW      3
0x0342	0x00F5      	MOVWF      R4+1
0x0343	0x01F6      	CLRF       R4+2
0x0344	0x01F7      	CLRF       R4+3
0x0345	0x2175      	CALL       _Div_32x32_S
0x0346	0x0870      	MOVF       R0, 0
0x0347	0x00A9      	MOVWF      _current_duty
0x0348	0x0871      	MOVF       R0+1, 0
0x0349	0x00AA      	MOVWF      _current_duty+1
0x034A	0x0872      	MOVF       R0+2, 0
0x034B	0x00AB      	MOVWF      _current_duty+2
0x034C	0x0873      	MOVF       R0+3, 0
0x034D	0x00AC      	MOVWF      _current_duty+3
;PIC16F877A.c,27 :: 		PWM1_Set_Duty(current_duty);
0x034E	0x0870      	MOVF       R0, 0
0x034F	0x00BB      	MOVWF      FARG_PWM1_Set_Duty_new_duty
0x0350	0x228B      	CALL       _PWM1_Set_Duty
;PIC16F877A.c,28 :: 		delay_ms(5);
0x0351	0x300D      	MOVLW      13
0x0352	0x00FC      	MOVWF      R12
0x0353	0x30FB      	MOVLW      251
0x0354	0x00FD      	MOVWF      R13
L_main2:
0x0355	0x0BFD      	DECFSZ     R13, 1
0x0356	0x2B55      	GOTO       L_main2
0x0357	0x0BFC      	DECFSZ     R12, 1
0x0358	0x2B55      	GOTO       L_main2
0x0359	0x0000      	NOP
0x035A	0x0000      	NOP
;PIC16F877A.c,31 :: 		if (obstacle_front == 1 || obstacle_back == 1) {
0x035B	0x3000      	MOVLW      0
0x035C	0x0638      	XORWF      main_obstacle_front_L1+1, 0
0x035D	0x1D03      	BTFSS      STATUS, 2
0x035E	0x2B61      	GOTO       L__main61
0x035F	0x3001      	MOVLW      1
0x0360	0x0637      	XORWF      main_obstacle_front_L1, 0
L__main61:
0x0361	0x1903      	BTFSC      STATUS, 2
0x0362	0x2B6C      	GOTO       L__main59
0x0363	0x3000      	MOVLW      0
0x0364	0x063A      	XORWF      main_obstacle_back_L1+1, 0
0x0365	0x1D03      	BTFSS      STATUS, 2
0x0366	0x2B69      	GOTO       L__main62
0x0367	0x3001      	MOVLW      1
0x0368	0x0639      	XORWF      main_obstacle_back_L1, 0
L__main62:
0x0369	0x1903      	BTFSC      STATUS, 2
0x036A	0x2B6C      	GOTO       L__main59
0x036B	0x2BBD      	GOTO       L_main5
L__main59:
;PIC16F877A.c,32 :: 		PORTC.F4 = 0; PORTC.F5 = 0;
0x036C	0x1207      	BCF        PORTC, 4
0x036D	0x1287      	BCF        PORTC, 5
;PIC16F877A.c,33 :: 		PORTC.F6 = 0; PORTC.F7 = 0;
0x036E	0x1307      	BCF        PORTC, 6
0x036F	0x1387      	BCF        PORTC, 7
;PIC16F877A.c,34 :: 		while (1) {
L_main6:
;PIC16F877A.c,35 :: 		PORTC.F3 = 1;
0x0370	0x1587      	BSF        PORTC, 3
;PIC16F877A.c,36 :: 		delay_ms(600);
0x0371	0x3007      	MOVLW      7
0x0372	0x00FB      	MOVWF      R11
0x0373	0x3017      	MOVLW      23
0x0374	0x00FC      	MOVWF      R12
0x0375	0x306A      	MOVLW      106
0x0376	0x00FD      	MOVWF      R13
L_main8:
0x0377	0x0BFD      	DECFSZ     R13, 1
0x0378	0x2B77      	GOTO       L_main8
0x0379	0x0BFC      	DECFSZ     R12, 1
0x037A	0x2B77      	GOTO       L_main8
0x037B	0x0BFB      	DECFSZ     R11, 1
0x037C	0x2B77      	GOTO       L_main8
0x037D	0x0000      	NOP
;PIC16F877A.c,37 :: 		PORTC.F3 = 0;
0x037E	0x1187      	BCF        PORTC, 3
;PIC16F877A.c,38 :: 		delay_ms(100);
0x037F	0x3002      	MOVLW      2
0x0380	0x00FB      	MOVWF      R11
0x0381	0x3004      	MOVLW      4
0x0382	0x00FC      	MOVWF      R12
0x0383	0x30BA      	MOVLW      186
0x0384	0x00FD      	MOVWF      R13
L_main9:
0x0385	0x0BFD      	DECFSZ     R13, 1
0x0386	0x2B85      	GOTO       L_main9
0x0387	0x0BFC      	DECFSZ     R12, 1
0x0388	0x2B85      	GOTO       L_main9
0x0389	0x0BFB      	DECFSZ     R11, 1
0x038A	0x2B85      	GOTO       L_main9
0x038B	0x0000      	NOP
;PIC16F877A.c,39 :: 		PORTC.F3 = 1;
0x038C	0x1587      	BSF        PORTC, 3
;PIC16F877A.c,40 :: 		delay_ms(300);
0x038D	0x3004      	MOVLW      4
0x038E	0x00FB      	MOVWF      R11
0x038F	0x300C      	MOVLW      12
0x0390	0x00FC      	MOVWF      R12
0x0391	0x3033      	MOVLW      51
0x0392	0x00FD      	MOVWF      R13
L_main10:
0x0393	0x0BFD      	DECFSZ     R13, 1
0x0394	0x2B93      	GOTO       L_main10
0x0395	0x0BFC      	DECFSZ     R12, 1
0x0396	0x2B93      	GOTO       L_main10
0x0397	0x0BFB      	DECFSZ     R11, 1
0x0398	0x2B93      	GOTO       L_main10
0x0399	0x0000      	NOP
0x039A	0x0000      	NOP
;PIC16F877A.c,41 :: 		PORTC.F3 = 0;
0x039B	0x1187      	BCF        PORTC, 3
;PIC16F877A.c,42 :: 		delay_ms(100);
0x039C	0x3002      	MOVLW      2
0x039D	0x00FB      	MOVWF      R11
0x039E	0x3004      	MOVLW      4
0x039F	0x00FC      	MOVWF      R12
0x03A0	0x30BA      	MOVLW      186
0x03A1	0x00FD      	MOVWF      R13
L_main11:
0x03A2	0x0BFD      	DECFSZ     R13, 1
0x03A3	0x2BA2      	GOTO       L_main11
0x03A4	0x0BFC      	DECFSZ     R12, 1
0x03A5	0x2BA2      	GOTO       L_main11
0x03A6	0x0BFB      	DECFSZ     R11, 1
0x03A7	0x2BA2      	GOTO       L_main11
0x03A8	0x0000      	NOP
;PIC16F877A.c,44 :: 		if (obstacle_front == 0 || obstacle_back == 0) {
0x03A9	0x3000      	MOVLW      0
0x03AA	0x0638      	XORWF      main_obstacle_front_L1+1, 0
0x03AB	0x1D03      	BTFSS      STATUS, 2
0x03AC	0x2BAF      	GOTO       L__main63
0x03AD	0x3000      	MOVLW      0
0x03AE	0x0637      	XORWF      main_obstacle_front_L1, 0
L__main63:
0x03AF	0x1903      	BTFSC      STATUS, 2
0x03B0	0x2BBA      	GOTO       L__main58
0x03B1	0x3000      	MOVLW      0
0x03B2	0x063A      	XORWF      main_obstacle_back_L1+1, 0
0x03B3	0x1D03      	BTFSS      STATUS, 2
0x03B4	0x2BB7      	GOTO       L__main64
0x03B5	0x3000      	MOVLW      0
0x03B6	0x0639      	XORWF      main_obstacle_back_L1, 0
L__main64:
0x03B7	0x1903      	BTFSC      STATUS, 2
0x03B8	0x2BBA      	GOTO       L__main58
0x03B9	0x2BBB      	GOTO       L_main14
L__main58:
;PIC16F877A.c,45 :: 		break;
0x03BA	0x2BBC      	GOTO       L_main7
;PIC16F877A.c,46 :: 		}
L_main14:
;PIC16F877A.c,47 :: 		}
0x03BB	0x2B70      	GOTO       L_main6
L_main7:
;PIC16F877A.c,48 :: 		} else {
0x03BC	0x2C86      	GOTO       L_main15
L_main5:
;PIC16F877A.c,49 :: 		if (load_detected == 1) {
0x03BD	0x3000      	MOVLW      0
0x03BE	0x062E      	XORWF      main_load_detected_L1+1, 0
0x03BF	0x1D03      	BTFSS      STATUS, 2
0x03C0	0x2BC3      	GOTO       L__main65
0x03C1	0x3001      	MOVLW      1
0x03C2	0x062D      	XORWF      main_load_detected_L1, 0
L__main65:
0x03C3	0x1D03      	BTFSS      STATUS, 2
0x03C4	0x2C26      	GOTO       L_main16
;PIC16F877A.c,50 :: 		if (front_sensor_left == 0 && front_sensor_right == 0) {
0x03C5	0x3000      	MOVLW      0
0x03C6	0x0630      	XORWF      main_front_sensor_left_L1+1, 0
0x03C7	0x1D03      	BTFSS      STATUS, 2
0x03C8	0x2BCB      	GOTO       L__main66
0x03C9	0x3000      	MOVLW      0
0x03CA	0x062F      	XORWF      main_front_sensor_left_L1, 0
L__main66:
0x03CB	0x1D03      	BTFSS      STATUS, 2
0x03CC	0x2BDA      	GOTO       L_main19
0x03CD	0x3000      	MOVLW      0
0x03CE	0x0632      	XORWF      main_front_sensor_right_L1+1, 0
0x03CF	0x1D03      	BTFSS      STATUS, 2
0x03D0	0x2BD3      	GOTO       L__main67
0x03D1	0x3000      	MOVLW      0
0x03D2	0x0631      	XORWF      main_front_sensor_right_L1, 0
L__main67:
0x03D3	0x1D03      	BTFSS      STATUS, 2
0x03D4	0x2BDA      	GOTO       L_main19
L__main57:
;PIC16F877A.c,51 :: 		PORTC.F4 = 0; PORTC.F5 = 1; // Motor 1 forward
0x03D5	0x1207      	BCF        PORTC, 4
0x03D6	0x1687      	BSF        PORTC, 5
;PIC16F877A.c,52 :: 		PORTC.F6 = 1; PORTC.F7 = 0; // Motor 2 forward
0x03D7	0x1707      	BSF        PORTC, 6
0x03D8	0x1387      	BCF        PORTC, 7
;PIC16F877A.c,53 :: 		} else if (front_sensor_left == 1 && front_sensor_right == 0) {
0x03D9	0x2C25      	GOTO       L_main20
L_main19:
0x03DA	0x3000      	MOVLW      0
0x03DB	0x0630      	XORWF      main_front_sensor_left_L1+1, 0
0x03DC	0x1D03      	BTFSS      STATUS, 2
0x03DD	0x2BE0      	GOTO       L__main68
0x03DE	0x3001      	MOVLW      1
0x03DF	0x062F      	XORWF      main_front_sensor_left_L1, 0
L__main68:
0x03E0	0x1D03      	BTFSS      STATUS, 2
0x03E1	0x2BEF      	GOTO       L_main23
0x03E2	0x3000      	MOVLW      0
0x03E3	0x0632      	XORWF      main_front_sensor_right_L1+1, 0
0x03E4	0x1D03      	BTFSS      STATUS, 2
0x03E5	0x2BE8      	GOTO       L__main69
0x03E6	0x3000      	MOVLW      0
0x03E7	0x0631      	XORWF      main_front_sensor_right_L1, 0
L__main69:
0x03E8	0x1D03      	BTFSS      STATUS, 2
0x03E9	0x2BEF      	GOTO       L_main23
L__main56:
;PIC16F877A.c,54 :: 		PORTC.F4 = 0; PORTC.F5 = 0; // Motor 1 stop
0x03EA	0x1207      	BCF        PORTC, 4
0x03EB	0x1287      	BCF        PORTC, 5
;PIC16F877A.c,55 :: 		PORTC.F6 = 1; PORTC.F7 = 0; // Motor 2 forward
0x03EC	0x1707      	BSF        PORTC, 6
0x03ED	0x1387      	BCF        PORTC, 7
;PIC16F877A.c,56 :: 		} else if (front_sensor_left == 0 && front_sensor_right == 1) {
0x03EE	0x2C25      	GOTO       L_main24
L_main23:
0x03EF	0x3000      	MOVLW      0
0x03F0	0x0630      	XORWF      main_front_sensor_left_L1+1, 0
0x03F1	0x1D03      	BTFSS      STATUS, 2
0x03F2	0x2BF5      	GOTO       L__main70
0x03F3	0x3000      	MOVLW      0
0x03F4	0x062F      	XORWF      main_front_sensor_left_L1, 0
L__main70:
0x03F5	0x1D03      	BTFSS      STATUS, 2
0x03F6	0x2C04      	GOTO       L_main27
0x03F7	0x3000      	MOVLW      0
0x03F8	0x0632      	XORWF      main_front_sensor_right_L1+1, 0
0x03F9	0x1D03      	BTFSS      STATUS, 2
0x03FA	0x2BFD      	GOTO       L__main71
0x03FB	0x3001      	MOVLW      1
0x03FC	0x0631      	XORWF      main_front_sensor_right_L1, 0
L__main71:
0x03FD	0x1D03      	BTFSS      STATUS, 2
0x03FE	0x2C04      	GOTO       L_main27
L__main55:
;PIC16F877A.c,57 :: 		PORTC.F4 = 0; PORTC.F5 = 1; // Motor 1 forward
0x03FF	0x1207      	BCF        PORTC, 4
0x0400	0x1687      	BSF        PORTC, 5
;PIC16F877A.c,58 :: 		PORTC.F6 = 0; PORTC.F7 = 0; // Motor 2 stop
0x0401	0x1307      	BCF        PORTC, 6
0x0402	0x1387      	BCF        PORTC, 7
;PIC16F877A.c,59 :: 		} else if (front_sensor_left == 1 && front_sensor_right == 1) {
0x0403	0x2C25      	GOTO       L_main28
L_main27:
0x0404	0x3000      	MOVLW      0
0x0405	0x0630      	XORWF      main_front_sensor_left_L1+1, 0
0x0406	0x1D03      	BTFSS      STATUS, 2
0x0407	0x2C0A      	GOTO       L__main72
0x0408	0x3001      	MOVLW      1
0x0409	0x062F      	XORWF      main_front_sensor_left_L1, 0
L__main72:
0x040A	0x1D03      	BTFSS      STATUS, 2
0x040B	0x2C25      	GOTO       L_main31
0x040C	0x3000      	MOVLW      0
0x040D	0x0632      	XORWF      main_front_sensor_right_L1+1, 0
0x040E	0x1D03      	BTFSS      STATUS, 2
0x040F	0x2C12      	GOTO       L__main73
0x0410	0x3001      	MOVLW      1
0x0411	0x0631      	XORWF      main_front_sensor_right_L1, 0
L__main73:
0x0412	0x1D03      	BTFSS      STATUS, 2
0x0413	0x2C25      	GOTO       L_main31
L__main54:
;PIC16F877A.c,60 :: 		PORTC.F4 = 0; PORTC.F5 = 0; // Motor 1 stop
0x0414	0x1207      	BCF        PORTC, 4
0x0415	0x1287      	BCF        PORTC, 5
;PIC16F877A.c,61 :: 		PORTC.F6 = 0; PORTC.F7 = 0; // Motor 2 stop
0x0416	0x1307      	BCF        PORTC, 6
0x0417	0x1387      	BCF        PORTC, 7
;PIC16F877A.c,62 :: 		delay_ms(2000);
0x0418	0x3015      	MOVLW      21
0x0419	0x00FB      	MOVWF      R11
0x041A	0x304B      	MOVLW      75
0x041B	0x00FC      	MOVWF      R12
0x041C	0x30BE      	MOVLW      190
0x041D	0x00FD      	MOVWF      R13
L_main32:
0x041E	0x0BFD      	DECFSZ     R13, 1
0x041F	0x2C1E      	GOTO       L_main32
0x0420	0x0BFC      	DECFSZ     R12, 1
0x0421	0x2C1E      	GOTO       L_main32
0x0422	0x0BFB      	DECFSZ     R11, 1
0x0423	0x2C1E      	GOTO       L_main32
0x0424	0x0000      	NOP
;PIC16F877A.c,63 :: 		}
L_main31:
L_main28:
L_main24:
L_main20:
;PIC16F877A.c,64 :: 		} else {
0x0425	0x2C86      	GOTO       L_main33
L_main16:
;PIC16F877A.c,65 :: 		if (back_sensor_left == 0 && back_sensor_right == 0) {
0x0426	0x3000      	MOVLW      0
0x0427	0x0634      	XORWF      main_back_sensor_left_L1+1, 0
0x0428	0x1D03      	BTFSS      STATUS, 2
0x0429	0x2C2C      	GOTO       L__main74
0x042A	0x3000      	MOVLW      0
0x042B	0x0633      	XORWF      main_back_sensor_left_L1, 0
L__main74:
0x042C	0x1D03      	BTFSS      STATUS, 2
0x042D	0x2C3B      	GOTO       L_main36
0x042E	0x3000      	MOVLW      0
0x042F	0x0636      	XORWF      main_back_sensor_right_L1+1, 0
0x0430	0x1D03      	BTFSS      STATUS, 2
0x0431	0x2C34      	GOTO       L__main75
0x0432	0x3000      	MOVLW      0
0x0433	0x0635      	XORWF      main_back_sensor_right_L1, 0
L__main75:
0x0434	0x1D03      	BTFSS      STATUS, 2
0x0435	0x2C3B      	GOTO       L_main36
L__main53:
;PIC16F877A.c,66 :: 		PORTC.F4 = 1; PORTC.F5 = 0;
0x0436	0x1607      	BSF        PORTC, 4
0x0437	0x1287      	BCF        PORTC, 5
;PIC16F877A.c,67 :: 		PORTC.F6 = 0; PORTC.F7 = 1;
0x0438	0x1307      	BCF        PORTC, 6
0x0439	0x1787      	BSF        PORTC, 7
;PIC16F877A.c,68 :: 		} else if (back_sensor_left == 1 && back_sensor_right == 0) {
0x043A	0x2C86      	GOTO       L_main37
L_main36:
0x043B	0x3000      	MOVLW      0
0x043C	0x0634      	XORWF      main_back_sensor_left_L1+1, 0
0x043D	0x1D03      	BTFSS      STATUS, 2
0x043E	0x2C41      	GOTO       L__main76
0x043F	0x3001      	MOVLW      1
0x0440	0x0633      	XORWF      main_back_sensor_left_L1, 0
L__main76:
0x0441	0x1D03      	BTFSS      STATUS, 2
0x0442	0x2C50      	GOTO       L_main40
0x0443	0x3000      	MOVLW      0
0x0444	0x0636      	XORWF      main_back_sensor_right_L1+1, 0
0x0445	0x1D03      	BTFSS      STATUS, 2
0x0446	0x2C49      	GOTO       L__main77
0x0447	0x3000      	MOVLW      0
0x0448	0x0635      	XORWF      main_back_sensor_right_L1, 0
L__main77:
0x0449	0x1D03      	BTFSS      STATUS, 2
0x044A	0x2C50      	GOTO       L_main40
L__main52:
;PIC16F877A.c,69 :: 		PORTC.F4 = 0; PORTC.F5 = 0;
0x044B	0x1207      	BCF        PORTC, 4
0x044C	0x1287      	BCF        PORTC, 5
;PIC16F877A.c,70 :: 		PORTC.F6 = 0; PORTC.F7 = 1;
0x044D	0x1307      	BCF        PORTC, 6
0x044E	0x1787      	BSF        PORTC, 7
;PIC16F877A.c,71 :: 		} else if (back_sensor_left == 0 && back_sensor_right == 1) {
0x044F	0x2C86      	GOTO       L_main41
L_main40:
0x0450	0x3000      	MOVLW      0
0x0451	0x0634      	XORWF      main_back_sensor_left_L1+1, 0
0x0452	0x1D03      	BTFSS      STATUS, 2
0x0453	0x2C56      	GOTO       L__main78
0x0454	0x3000      	MOVLW      0
0x0455	0x0633      	XORWF      main_back_sensor_left_L1, 0
L__main78:
0x0456	0x1D03      	BTFSS      STATUS, 2
0x0457	0x2C65      	GOTO       L_main44
0x0458	0x3000      	MOVLW      0
0x0459	0x0636      	XORWF      main_back_sensor_right_L1+1, 0
0x045A	0x1D03      	BTFSS      STATUS, 2
0x045B	0x2C5E      	GOTO       L__main79
0x045C	0x3001      	MOVLW      1
0x045D	0x0635      	XORWF      main_back_sensor_right_L1, 0
L__main79:
0x045E	0x1D03      	BTFSS      STATUS, 2
0x045F	0x2C65      	GOTO       L_main44
L__main51:
;PIC16F877A.c,72 :: 		PORTC.F4 = 1; PORTC.F5 = 0;
0x0460	0x1607      	BSF        PORTC, 4
0x0461	0x1287      	BCF        PORTC, 5
;PIC16F877A.c,73 :: 		PORTC.F6 = 0; PORTC.F7 = 0;
0x0462	0x1307      	BCF        PORTC, 6
0x0463	0x1387      	BCF        PORTC, 7
;PIC16F877A.c,74 :: 		} else if (back_sensor_left == 1 && back_sensor_right == 1) {
0x0464	0x2C86      	GOTO       L_main45
L_main44:
0x0465	0x3000      	MOVLW      0
0x0466	0x0634      	XORWF      main_back_sensor_left_L1+1, 0
0x0467	0x1D03      	BTFSS      STATUS, 2
0x0468	0x2C6B      	GOTO       L__main80
0x0469	0x3001      	MOVLW      1
0x046A	0x0633      	XORWF      main_back_sensor_left_L1, 0
L__main80:
0x046B	0x1D03      	BTFSS      STATUS, 2
0x046C	0x2C86      	GOTO       L_main48
0x046D	0x3000      	MOVLW      0
0x046E	0x0636      	XORWF      main_back_sensor_right_L1+1, 0
0x046F	0x1D03      	BTFSS      STATUS, 2
0x0470	0x2C73      	GOTO       L__main81
0x0471	0x3001      	MOVLW      1
0x0472	0x0635      	XORWF      main_back_sensor_right_L1, 0
L__main81:
0x0473	0x1D03      	BTFSS      STATUS, 2
0x0474	0x2C86      	GOTO       L_main48
L__main50:
;PIC16F877A.c,75 :: 		PORTC.F4 = 0; PORTC.F5 = 0;
0x0475	0x1207      	BCF        PORTC, 4
0x0476	0x1287      	BCF        PORTC, 5
;PIC16F877A.c,76 :: 		PORTC.F6 = 0; PORTC.F7 = 0;
0x0477	0x1307      	BCF        PORTC, 6
0x0478	0x1387      	BCF        PORTC, 7
;PIC16F877A.c,77 :: 		delay_ms(2000);
0x0479	0x3015      	MOVLW      21
0x047A	0x00FB      	MOVWF      R11
0x047B	0x304B      	MOVLW      75
0x047C	0x00FC      	MOVWF      R12
0x047D	0x30BE      	MOVLW      190
0x047E	0x00FD      	MOVWF      R13
L_main49:
0x047F	0x0BFD      	DECFSZ     R13, 1
0x0480	0x2C7F      	GOTO       L_main49
0x0481	0x0BFC      	DECFSZ     R12, 1
0x0482	0x2C7F      	GOTO       L_main49
0x0483	0x0BFB      	DECFSZ     R11, 1
0x0484	0x2C7F      	GOTO       L_main49
0x0485	0x0000      	NOP
;PIC16F877A.c,78 :: 		}
L_main48:
L_main45:
L_main41:
L_main37:
;PIC16F877A.c,79 :: 		}
L_main33:
;PIC16F877A.c,80 :: 		}
L_main15:
;PIC16F877A.c,81 :: 		}
0x0486	0x2B04      	GOTO       L_main0
;PIC16F877A.c,82 :: 		}
L_end_main:
0x0487	0x2C87      	GOTO       $+0
; end of _main
0x048E	0x3021      	MOVLW      33
0x048F	0x0084      	MOVWF      FSR
0x0490	0x3001      	MOVLW      1
0x0491	0x1283      	BCF        STATUS, 5
0x0492	0x1303      	BCF        STATUS, 6
0x0493	0x00F0      	MOVWF      R0
0x0494	0x308D      	MOVLW      141
0x0495	0x00A2      	MOVWF      ___DoICPAddr
0x0496	0x3004      	MOVLW      4
0x0497	0x00A3      	MOVWF      35
0x0498	0x227F      	CALL       639
0x0499	0x0008      	RETURN
;__Lib_ADC_A_C.c,0 :: ?ICS_vref_mask
0x048D	0x340F ;?ICS_vref_mask+0
; end of ?ICS_vref_mask
Symbol List:
//** Routines locations **
//ADDRESS    SIZE    PROCEDURE
//----------------------------------------------
0x0003      [43]    _Mul_16X16_U
0x002E       [7]    _____DoICP
0x0035       [8]    _Delay_22us
0x003D      [12]    _COMFREM
0x0049     [300]    _SDIV3232L
0x0175     [181]    _Div_32x32_S
0x022A       [8]    _PWM1_Start
0x0232      [22]    _ADC_Init
0x0248      [55]    _Mul_32x32_U
0x027F      [12]    ___CC2DW
0x028B      [58]    _PWM1_Set_Duty
0x02C5       [6]    _PWM1_Init
0x02CB      [40]    _ADC_Read
0x02F3     [404]    _main
//** Variables locations ** 
//ADDRESS    SIZE    VARIABLE
//----------------------------------------------
0x0000       [1]    INDF
0x0002       [1]    PCL
0x0003       [1]    STATUS
0x0004       [1]    FSR
0x0006       [1]    PORTB
0x0007       [1]    PORTC
0x0008       [1]    PORTD
0x000A       [1]    PCLATH
0x0012       [1]    T2CON
0x0015       [1]    CCPR1L
0x0017       [1]    CCP1CON
0x001E       [1]    ADRESH
0x001F       [1]    ADCON0
0x0020       [1]    ___math_tempb
0x0021       [1]    _vref_mask
0x0022       [2]    ___DoICPAddr
0x0024       [2]    _adc_rd
0x0026       [3]    _ADC_Get_Sample_Ptr
0x0029       [4]    _current_duty
0x002D       [2]    main_load_detected_L1
0x002F       [2]    main_front_sensor_left_L1
0x0031       [2]    main_front_sensor_right_L1
0x0033       [2]    main_back_sensor_left_L1
0x0035       [2]    main_back_sensor_right_L1
0x0037       [2]    main_obstacle_front_L1
0x0039       [2]    main_obstacle_back_L1
0x003B       [1]    FARG_PWM1_Set_Duty_new_duty
0x003B       [4]    FARG_PWM1_Init_PWM_Freq
0x003B       [1]    FARG_ADC_Read_channel
0x0070       [1]    R0
0x0071       [1]    R1
0x0072       [1]    R2
0x0073       [1]    R3
0x0074       [1]    R4
0x0075       [1]    R5
0x0076       [1]    R6
0x0077       [1]    R7
0x0078       [1]    R8
0x0079       [1]    R9
0x007A       [1]    R10
0x007B       [1]    R11
0x007C       [1]    R12
0x007D       [1]    R13
0x007E       [1]    R14
0x007F       [1]    R15
0x0085       [0]    TRISA0_bit
0x0086       [1]    TRISB
0x0087       [0]    TRISC2_bit
0x0087       [1]    TRISC
0x0088       [1]    TRISD
0x0092       [1]    PR2
0x009E       [1]    ADRESL
0x009F       [1]    ADCON1
//** Constants locations ** 
//ADDRESS    SIZE    CONSTANT
//----------------------------------------------
0x048D       [1]    ?ICS_vref_mask
